2018-03-06 15:57:09,445 - PMB LOG - INFO - Entering manual mode...
2018-03-06 15:57:09,445 - PMB LOG - INFO - ### Starting Pamiris MySQL Backup Application ###
2018-03-06 15:57:09,445 - PMB LOG - INFO - Running with: backup --incremental --all-databases --manual
2018-03-06 15:57:09,445 - PMB LOG - INFO - Database backup wanted...
2018-03-06 15:57:09,445 - PMB LOG - INFO - Running incremental backup...
2018-03-06 15:57:36,611 - PMB LOG - INFO - Entering manual mode...
2018-03-06 15:57:36,612 - PMB LOG - INFO - ### Starting Pamiris MySQL Backup Application ###
2018-03-06 15:57:36,612 - PMB LOG - INFO - Running with: backup --incremental --all-databases --manual
2018-03-06 15:57:36,612 - PMB LOG - INFO - Database backup wanted...
2018-03-06 15:57:36,612 - PMB LOG - INFO - Running incremental backup...
2018-03-06 15:57:36,661 - PMB LOG - INFO - Incremental backup in progress...
2018-03-06 15:57:36,695 - PMB LOG - INFO - Changing directories... (/backup/192168134135_3306/binlog/)
2018-03-06 15:57:36,712 - PMB LOG - INFO - Flushing binary logs...
2018-03-06 15:57:36,731 - PMB LOG - INFO - Changing directories... (/backup/192168134135_3306/binlog)
2018-03-06 15:57:36,732 - PMB LOG - INFO - Copying binary logs...
2018-03-06 15:57:36,757 - PMB LOG - INFO - cp /var/log/mysql/binlog/mysql-bin.000211 /backup/192168134135_3306/binlog
2018-03-06 15:57:36,757 - PMB LOG - INFO - Compressing incremental backup...
2018-03-06 15:57:36,759 - PMB LOG - INFO - Compressing backup completed successfully!
2018-03-06 15:57:37,560 - PMB LOG - INFO - Post the backup Data successfully!
2018-03-06 15:57:38,177 - PMB LOG - INFO - cp /var/log/mysql/binlog/mysql-bin.000212 /backup/192168134135_3306/binlog
2018-03-06 15:57:38,178 - PMB LOG - INFO - Compressing incremental backup...
2018-03-06 15:57:39,877 - PMB LOG - INFO - Compressing backup completed successfully!
2018-03-06 15:57:40,019 - PMB LOG - INFO - Post the backup Data successfully!
2018-03-06 15:57:40,033 - PMB LOG - INFO - cp /var/log/mysql/binlog/mysql-bin.000213 /backup/192168134135_3306/binlog
2018-03-06 15:57:40,033 - PMB LOG - INFO - Compressing incremental backup...
2018-03-06 15:57:40,035 - PMB LOG - INFO - Compressing backup completed successfully!
2018-03-06 15:57:40,099 - PMB LOG - INFO - Post the backup Data successfully!
2018-03-06 15:57:40,114 - PMB LOG - INFO - cp /var/log/mysql/binlog/mysql-bin.000214 /backup/192168134135_3306/binlog
2018-03-06 15:57:40,114 - PMB LOG - INFO - Compressing incremental backup...
2018-03-06 15:57:40,118 - PMB LOG - INFO - Compressing backup completed successfully!
2018-03-06 15:57:40,204 - PMB LOG - INFO - Post the backup Data successfully!
2018-03-06 15:57:40,207 - PMB LOG - INFO - cp /var/log/mysql/binlog/mysql-bin.000215 /backup/192168134135_3306/binlog
2018-03-06 15:57:40,208 - PMB LOG - INFO - Compressing incremental backup...
2018-03-06 15:57:40,210 - PMB LOG - INFO - Compressing backup completed successfully!
2018-03-06 15:57:40,274 - PMB LOG - INFO - Post the backup Data successfully!
2018-03-06 15:57:40,279 - PMB LOG - INFO - cp /var/log/mysql/binlog/mysql-bin.000216 /backup/192168134135_3306/binlog
2018-03-06 15:57:40,279 - PMB LOG - INFO - Compressing incremental backup...
2018-03-06 15:57:40,283 - PMB LOG - INFO - Compressing backup completed successfully!
2018-03-06 15:57:40,463 - PMB LOG - INFO - Post the backup Data successfully!
2018-03-07 12:36:06,812 - PMB LOG - INFO - Entering manual mode...
2018-03-07 12:36:06,818 - PMB LOG - INFO - ### Starting Pamiris MySQL Backup Application ###
2018-03-07 12:36:06,819 - PMB LOG - INFO - Running with: backup --full --all-databases --manual
2018-03-07 12:36:06,819 - PMB LOG - INFO - Database backup wanted...
2018-03-07 12:36:06,819 - PMB LOG - INFO - Running full backup...
2018-03-07 12:36:06,881 - PMB LOG - INFO - Full backup in progress...
2018-03-07 12:36:06,929 - PMB LOG - INFO - Changing directories... (/backup/192168134135_3306/mysqldump/all/2018-03-07)
2018-03-07 12:36:06,957 - PMB LOG - INFO - Running mysqldump and creating File: 192168134135_3306_all_dump_20180307_1236
2018-03-07 12:36:23,327 - PMB LOG - INFO - Full backup created successfully!
2018-03-07 12:36:23,327 - PMB LOG - INFO - Compressing backup...
2018-03-07 12:36:28,006 - PMB LOG - INFO - File compression completed...
2018-03-07 12:36:28,152 - PMB LOG - INFO - Post the backup Data successfully!
2018-03-07 12:37:28,229 - PMB LOG - INFO - Entering manual mode...
2018-03-07 12:37:28,230 - PMB LOG - INFO - ### Starting Pamiris MySQL Backup Application ###
2018-03-07 12:37:28,230 - PMB LOG - INFO - Running with: backup --full --all-databases --manual
2018-03-07 12:37:28,230 - PMB LOG - INFO - Database backup wanted...
2018-03-07 12:37:28,231 - PMB LOG - INFO - Running full backup...
2018-03-07 12:37:28,291 - PMB LOG - INFO - Full backup in progress...
2018-03-07 12:37:28,291 - PMB LOG - INFO - Changing directories... (/backup/192168134135_3306/mysqldump/all/2018-03-07)
2018-03-07 12:37:28,306 - PMB LOG - INFO - Running mysqldump and creating File: 192168134135_3306_all_dump_20180307_1237
2018-03-07 12:37:37,783 - PMB LOG - INFO - Full backup created successfully!
2018-03-07 12:37:37,783 - PMB LOG - INFO - Compressing backup...
2018-03-07 12:37:42,519 - PMB LOG - INFO - File compression completed...
2018-03-07 12:37:42,598 - PMB LOG - INFO - Post the backup Data successfully!
2018-03-07 12:45:29,112 - PMB LOG - INFO - Entering manual mode...
2018-03-07 12:45:29,114 - PMB LOG - INFO - ### Starting Pamiris MySQL Backup Application ###
2018-03-07 12:45:29,114 - PMB LOG - INFO - Running with: backup --full --all-databases --manual
2018-03-07 12:45:29,114 - PMB LOG - INFO - Database backup wanted...
2018-03-07 12:45:29,114 - PMB LOG - INFO - Running full backup...
2018-03-07 12:45:29,360 - PMB LOG - INFO - Full backup in progress...
2018-03-07 12:45:29,360 - PMB LOG - INFO - Changing directories... (/backup/192168134135_3306/mysqldump/all/2018-03-07)
2018-03-07 12:45:29,449 - PMB LOG - INFO - Running mysqldump and creating File: 192168134135_3306_all_dump_20180307_1245
2018-03-07 12:45:41,607 - PMB LOG - INFO - Full backup created successfully!
2018-03-07 12:45:41,608 - PMB LOG - INFO - Compressing backup...
2018-03-07 12:45:46,552 - PMB LOG - INFO - File compression completed...
2018-03-07 12:45:46,645 - PMB LOG - INFO - Post the backup Data successfully!
2018-03-07 12:47:22,887 - PMB LOG - INFO - Entering manual mode...
2018-03-07 12:47:22,887 - PMB LOG - INFO - ### Starting Pamiris MySQL Backup Application ###
2018-03-07 12:47:22,888 - PMB LOG - INFO - Running with: backup --full --all-databases --manual
2018-03-07 12:47:22,888 - PMB LOG - INFO - Database backup wanted...
2018-03-07 12:47:22,888 - PMB LOG - INFO - Running full backup...
2018-03-07 12:47:22,937 - PMB LOG - INFO - Full backup in progress...
2018-03-07 12:47:22,937 - PMB LOG - INFO - Changing directories... (/backup/192168134135_3306/mysqldump/all/2018-03-07)
2018-03-07 12:47:22,955 - PMB LOG - INFO - Running mysqldump and creating File: 192168134135_3306_all_dump_20180307_1247
2018-03-07 12:47:34,885 - PMB LOG - INFO - Full backup created successfully!
2018-03-07 12:47:34,885 - PMB LOG - INFO - Compressing backup...
2018-03-07 12:47:39,590 - PMB LOG - INFO - File compression completed...
2018-03-07 12:47:39,679 - PMB LOG - INFO - Post the backup Data successfully!
2018-03-07 12:48:03,929 - PMB LOG - INFO - Entering manual mode...
2018-03-07 12:48:03,931 - PMB LOG - INFO - ### Starting Pamiris MySQL Backup Application ###
2018-03-07 12:48:03,931 - PMB LOG - INFO - Running with: backup --full --all-databases --manual
2018-03-07 12:48:03,944 - PMB LOG - INFO - Database backup wanted...
2018-03-07 12:48:03,944 - PMB LOG - INFO - Running full backup...
2018-03-07 12:48:04,079 - PMB LOG - INFO - Full backup in progress...
2018-03-07 12:48:04,080 - PMB LOG - INFO - Changing directories... (/backup/192168134135_3306/mysqldump/all/2018-03-07)
2018-03-07 12:48:04,110 - PMB LOG - INFO - Running mysqldump and creating File: 192168134135_3306_all_dump_20180307_1248
2018-03-07 12:48:12,543 - PMB LOG - INFO - Full backup created successfully!
2018-03-07 12:48:12,544 - PMB LOG - INFO - Compressing backup...
2018-03-07 12:48:17,285 - PMB LOG - INFO - File compression completed...
2018-03-07 12:48:17,369 - PMB LOG - INFO - Post the backup Data successfully!
2018-03-07 12:53:36,231 - PMB LOG - INFO - Entering manual mode...
2018-03-07 12:53:36,234 - PMB LOG - INFO - ### Starting Pamiris MySQL Backup Application ###
2018-03-07 12:53:36,234 - PMB LOG - INFO - Running with: backup --full --all-databases --manual
2018-03-07 12:53:36,234 - PMB LOG - INFO - Database backup wanted...
2018-03-07 12:53:36,234 - PMB LOG - INFO - Running full backup...
2018-03-07 12:53:50,003 - PMB LOG - INFO - Entering manual mode...
2018-03-07 12:53:50,004 - PMB LOG - INFO - ### Starting Pamiris MySQL Backup Application ###
2018-03-07 12:53:50,004 - PMB LOG - INFO - Running with: backup --full --all-databases --manual
2018-03-07 12:53:50,004 - PMB LOG - INFO - Database backup wanted...
2018-03-07 12:53:50,004 - PMB LOG - INFO - Running full backup...
2018-03-07 12:54:10,215 - PMB LOG - INFO - Entering manual mode...
2018-03-07 12:54:10,216 - PMB LOG - INFO - ### Starting Pamiris MySQL Backup Application ###
2018-03-07 12:54:10,216 - PMB LOG - INFO - Running with: backup --full --all-databases --manual
2018-03-07 12:54:10,216 - PMB LOG - INFO - Database backup wanted...
2018-03-07 12:54:10,217 - PMB LOG - INFO - Running full backup...
2018-03-07 12:54:10,291 - PMB LOG - INFO - Full backup in progress...
2018-03-07 12:54:10,291 - PMB LOG - INFO - Changing directories... (/backup/192168134135_3306/mysqldump/all/2018-03-07)
2018-03-07 12:54:10,302 - PMB LOG - INFO - Running mysqldump and creating File: 192168134135_3306_all_dump_20180307_1254
2018-03-07 12:54:20,936 - PMB LOG - INFO - Full backup created successfully!
2018-03-07 12:54:20,936 - PMB LOG - INFO - Compressing backup...
2018-03-07 12:54:25,701 - PMB LOG - INFO - File compression completed...
2018-03-07 12:58:41,444 - PMB LOG - INFO - Entering manual mode...
2018-03-07 12:58:41,444 - PMB LOG - INFO - ### Starting Pamiris MySQL Backup Application ###
2018-03-07 12:58:41,445 - PMB LOG - INFO - Running with: backup --full --all-databases --manual
2018-03-07 12:58:41,445 - PMB LOG - INFO - Database backup wanted...
2018-03-07 12:58:41,445 - PMB LOG - INFO - Running full backup...
2018-03-07 12:58:59,214 - PMB LOG - INFO - Entering manual mode...
2018-03-07 12:58:59,215 - PMB LOG - INFO - ### Starting Pamiris MySQL Backup Application ###
2018-03-07 12:58:59,215 - PMB LOG - INFO - Running with: backup --full --all-databases --manual
2018-03-07 12:58:59,215 - PMB LOG - INFO - Database backup wanted...
2018-03-07 12:58:59,215 - PMB LOG - INFO - Running full backup...
2018-03-07 12:58:59,283 - PMB LOG - INFO - Full backup in progress...
2018-03-07 12:58:59,283 - PMB LOG - INFO - Changing directories... (/backup/192168134135_3306/mysqldump/all/2018-03-07)
2018-03-07 12:58:59,297 - PMB LOG - INFO - Running mysqldump and creating File: 192168134135_3306_all_dump_20180307_1258
2018-03-07 12:59:08,255 - PMB LOG - INFO - Full backup created successfully!
2018-03-07 12:59:08,256 - PMB LOG - INFO - Compressing backup...
2018-03-07 12:59:13,144 - PMB LOG - INFO - File compression completed...
2018-03-07 13:00:19,548 - PMB LOG - INFO - Entering manual mode...
2018-03-07 13:00:19,549 - PMB LOG - INFO - ### Starting Pamiris MySQL Backup Application ###
2018-03-07 13:00:19,549 - PMB LOG - INFO - Running with: backup --full --all-databases --manual
2018-03-07 13:00:19,551 - PMB LOG - INFO - Database backup wanted...
2018-03-07 13:00:19,552 - PMB LOG - INFO - Running full backup...
2018-03-07 13:00:35,391 - PMB LOG - INFO - Entering manual mode...
2018-03-07 13:00:35,392 - PMB LOG - INFO - ### Starting Pamiris MySQL Backup Application ###
2018-03-07 13:00:35,392 - PMB LOG - INFO - Running with: backup --full --all-databases --manual
2018-03-07 13:00:35,392 - PMB LOG - INFO - Database backup wanted...
2018-03-07 13:00:35,392 - PMB LOG - INFO - Running full backup...
2018-03-07 13:00:35,448 - PMB LOG - INFO - Full backup in progress...
2018-03-07 13:00:35,450 - PMB LOG - INFO - Changing directories... (/backup/192168134135_3306/mysqldump/all/2018-03-07)
2018-03-07 13:00:35,470 - PMB LOG - INFO - Running mysqldump and creating File: 192168134135_3306_all_dump_20180307_1300
2018-03-07 13:00:44,625 - PMB LOG - INFO - Full backup created successfully!
2018-03-07 13:00:44,626 - PMB LOG - INFO - Compressing backup...
2018-03-07 13:00:49,568 - PMB LOG - INFO - File compression completed...
2018-03-07 13:02:02,404 - PMB LOG - INFO - Entering manual mode...
2018-03-07 13:02:02,405 - PMB LOG - INFO - ### Starting Pamiris MySQL Backup Application ###
2018-03-07 13:02:02,405 - PMB LOG - INFO - Running with: backup --full --all-databases --manual
2018-03-07 13:02:02,405 - PMB LOG - INFO - Database backup wanted...
2018-03-07 13:02:02,405 - PMB LOG - INFO - Running full backup...
2018-03-07 13:02:02,464 - PMB LOG - INFO - Full backup in progress...
2018-03-07 13:02:02,465 - PMB LOG - INFO - Changing directories... (/backup/192168134135_3306/mysqldump/all/2018-03-07)
2018-03-07 13:02:02,478 - PMB LOG - INFO - Running mysqldump and creating File: 192168134135_3306_all_dump_20180307_1302
2018-03-07 13:02:11,300 - PMB LOG - INFO - Full backup created successfully!
2018-03-07 13:02:11,301 - PMB LOG - INFO - Compressing backup...
2018-03-07 13:02:16,254 - PMB LOG - INFO - File compression completed...
2018-03-07 13:02:37,795 - PMB LOG - ERROR - HTTPConnectionPool(host='192.168.134.135', port=9999): Max retries exceeded with url: /dbmanage/backup_manage/received/backup_info/ (Caused by NewConnectionError('<urllib3.connection.HTTPConnection object at 0x7f2613c9b490>: Failed to establish a new connection: [Errno 111] Connection refused',))
2018-03-07 13:02:53,169 - PMB LOG - ERROR - HTTPConnectionPool(host='192.168.134.135', port=9999): Max retries exceeded with url: /dbmanage/backup_manage/received/backup_info/ (Caused by NewConnectionError('<urllib3.connection.HTTPConnection object at 0x7f2613c9b390>: Failed to establish a new connection: [Errno 111] Connection refused',))
2018-03-07 13:03:49,482 - PMB LOG - INFO - Entering manual mode...
2018-03-07 13:03:49,482 - PMB LOG - INFO - ### Starting Pamiris MySQL Backup Application ###
2018-03-07 13:03:49,483 - PMB LOG - INFO - Running with: backup --full --all-databases --manual
2018-03-07 13:03:49,483 - PMB LOG - INFO - Database backup wanted...
2018-03-07 13:03:49,484 - PMB LOG - INFO - Running full backup...
2018-03-07 13:03:49,606 - PMB LOG - INFO - Full backup in progress...
2018-03-07 13:03:49,606 - PMB LOG - INFO - Changing directories... (/backup/192168134135_3306/mysqldump/all/2018-03-07)
2018-03-07 13:03:49,628 - PMB LOG - INFO - Running mysqldump and creating File: 192168134135_3306_all_dump_20180307_1303
2018-03-07 13:03:58,719 - PMB LOG - INFO - Full backup created successfully!
2018-03-07 13:03:58,720 - PMB LOG - INFO - Compressing backup...
2018-03-07 13:04:03,421 - PMB LOG - INFO - File compression completed...
2018-03-07 13:04:53,895 - PMB LOG - ERROR - HTTPConnectionPool(host='192.168.134.135', port=9999): Max retries exceeded with url: /dbmanage/backup_manage/received/backup_info/ (Caused by NewConnectionError('<urllib3.connection.HTTPConnection object at 0x7f7680d25490>: Failed to establish a new connection: [Errno 111] Connection refused',))
2018-03-07 13:07:28,150 - PMB LOG - ERROR - HTTPConnectionPool(host='192.168.134.135', port=9999): Max retries exceeded with url: /dbmanage/backup_manage/received/backup_info/ (Caused by NewConnectionError('<urllib3.connection.HTTPConnection object at 0x7f7680d25390>: Failed to establish a new connection: [Errno 111] Connection refused',))
2018-03-07 13:18:26,249 - PMB LOG - INFO - Entering manual mode...
2018-03-07 13:18:26,250 - PMB LOG - INFO - ### Starting Pamiris MySQL Backup Application ###
2018-03-07 13:18:26,250 - PMB LOG - INFO - Running with: backup --full --all-databases --manual
2018-03-07 13:18:26,250 - PMB LOG - INFO - Database backup wanted...
2018-03-07 13:18:26,250 - PMB LOG - INFO - Running full backup...
2018-03-07 13:18:26,367 - PMB LOG - INFO - Full backup in progress...
2018-03-07 13:18:26,368 - PMB LOG - INFO - Changing directories... (/backup/192168134135_3306/mysqldump/all/2018-03-07)
2018-03-07 13:18:26,418 - PMB LOG - INFO - Running mysqldump and creating File: 192168134135_3306_all_dump_20180307_1318
2018-03-07 13:18:40,707 - PMB LOG - INFO - Full backup created successfully!
2018-03-07 13:18:40,708 - PMB LOG - INFO - Compressing backup...
2018-03-07 13:18:46,865 - PMB LOG - INFO - File compression completed...
2018-03-07 13:19:44,183 - PMB LOG - ERROR - HTTPConnectionPool(host='192.168.134.135', port=9999): Max retries exceeded with url: /dbmanage/backup_manage/received/backup_info/ (Caused by NewConnectionError('<urllib3.connection.HTTPConnection object at 0x7efc927e8410>: Failed to establish a new connection: [Errno 111] Connection refused',))
2018-03-07 13:20:16,661 - PMB LOG - ERROR - HTTPConnectionPool(host='192.168.134.135', port=9999): Max retries exceeded with url: /dbmanage/backup_manage/received/backup_info/ (Caused by NewConnectionError('<urllib3.connection.HTTPConnection object at 0x7efc927e8210>: Failed to establish a new connection: [Errno 111] Connection refused',))
2018-03-07 13:25:30,980 - PMB LOG - INFO - Entering manual mode...
2018-03-07 13:25:30,981 - PMB LOG - INFO - ### Starting Pamiris MySQL Backup Application ###
2018-03-07 13:25:30,981 - PMB LOG - INFO - Running with: backup --full --all-databases --manual
2018-03-07 13:25:30,982 - PMB LOG - INFO - Database backup wanted...
2018-03-07 13:25:30,982 - PMB LOG - INFO - Running full backup...
2018-03-07 13:25:31,103 - PMB LOG - INFO - Full backup in progress...
2018-03-07 13:25:31,104 - PMB LOG - INFO - Changing directories... (/backup/192168134135_3306/mysqldump/all/2018-03-07)
2018-03-07 13:25:31,151 - PMB LOG - INFO - Running mysqldump and creating File: 192168134135_3306_all_dump_20180307_1325
2018-03-07 13:25:44,479 - PMB LOG - INFO - Full backup created successfully!
2018-03-07 13:25:44,480 - PMB LOG - INFO - Compressing backup...
2018-03-07 13:25:49,144 - PMB LOG - INFO - File compression completed...
2018-03-07 13:26:03,452 - PMB LOG - ERROR - HTTPConnectionPool(host='192.168.134.135', port=9999): Max retries exceeded with url: /dbmanage/backup_manage/received/backup_info/ (Caused by NewConnectionError('<urllib3.connection.HTTPConnection object at 0x7fe1c159f3d0>: Failed to establish a new connection: [Errno 111] Connection refused',))
2018-03-07 13:26:40,503 - PMB LOG - ERROR - HTTPConnectionPool(host='192.168.134.135', port=9999): Max retries exceeded with url: /dbmanage/backup_manage/received/backup_info/ (Caused by NewConnectionError('<urllib3.connection.HTTPConnection object at 0x7fe1c159f2d0>: Failed to establish a new connection: [Errno 111] Connection refused',))
2018-03-07 13:31:18,793 - PMB LOG - INFO - Entering manual mode...
2018-03-07 13:31:24,300 - PMB LOG - INFO - Entering manual mode...
2018-03-07 13:32:16,646 - PMB LOG - INFO - Entering manual mode...
2018-03-07 13:32:26,350 - PMB LOG - INFO - Entering manual mode...
2018-03-07 13:32:26,351 - PMB LOG - INFO - ### Starting Pamiris MySQL Backup Application ###
2018-03-07 13:32:26,354 - PMB LOG - INFO - Running with: backup --full --all-databases --manual
2018-03-07 13:32:26,355 - PMB LOG - INFO - Database backup wanted...
2018-03-07 13:32:26,355 - PMB LOG - INFO - Running full backup...
2018-03-07 13:32:26,492 - PMB LOG - INFO - Full backup in progress...
2018-03-07 13:32:26,493 - PMB LOG - INFO - Changing directories... (/backup/192168134135_3306/mysqldump/all/2018-03-07)
2018-03-07 13:32:26,555 - PMB LOG - INFO - Running mysqldump and creating File: 192168134135_3306_all_dump_20180307_1332
2018-03-07 13:32:37,879 - PMB LOG - INFO - Full backup created successfully!
2018-03-07 13:32:37,880 - PMB LOG - INFO - Compressing backup...
2018-03-07 13:32:42,614 - PMB LOG - INFO - File compression completed...
2018-03-07 13:33:00,638 - PMB LOG - ERROR - HTTPConnectionPool(host='192.168.134.135', port=9999): Max retries exceeded with url: /dbmanage/backup_manage/received/backup_info/ (Caused by NewConnectionError('<urllib3.connection.HTTPConnection object at 0x7f173c2343d0>: Failed to establish a new connection: [Errno 111] Connection refused',))
2018-03-07 13:33:09,962 - PMB LOG - ERROR - HTTPConnectionPool(host='192.168.134.135', port=9999): Max retries exceeded with url: /dbmanage/backup_manage/received/backup_info/ (Caused by NewConnectionError('<urllib3.connection.HTTPConnection object at 0x7f173c2342d0>: Failed to establish a new connection: [Errno 111] Connection refused',))
2018-03-07 13:33:34,072 - PMB LOG - INFO - Entering manual mode...
2018-03-07 13:33:34,073 - PMB LOG - INFO - ### Starting Pamiris MySQL Backup Application ###
2018-03-07 13:33:34,073 - PMB LOG - INFO - Running with: backup --full --all-databases --manual
2018-03-07 13:33:34,074 - PMB LOG - INFO - Database backup wanted...
2018-03-07 13:33:34,074 - PMB LOG - INFO - Running full backup...
2018-03-07 13:59:04,364 - PMB LOG - ERROR - HTTPConnectionPool(host='192.168.134.135', port=9999): Max retries exceeded with url: /dbmanage/backup_manage/received/backup_info/ (Caused by NewConnectionError('<urllib3.connection.HTTPConnection object at 0x7fd926bee290>: Failed to establish a new connection: [Errno 111] Connection refused',))
2018-03-07 14:00:18,339 - PMB LOG - ERROR - HTTPConnectionPool(host='192.168.134.135', port=9999): Max retries exceeded with url: /dbmanage/backup_manage/received/backup_info/ (Caused by NewConnectionError('<urllib3.connection.HTTPConnection object at 0x7f25792ca290>: Failed to establish a new connection: [Errno 111] Connection refused',))
2018-03-07 14:00:28,934 - PMB LOG - ERROR - HTTPConnectionPool(host='192.168.134.135', port=9999): Max retries exceeded with url: /dbmanage/backup_manage/received/backup_info/ (Caused by NewConnectionError('<urllib3.connection.HTTPConnection object at 0x7f37b11c0590>: Failed to establish a new connection: [Errno 111] Connection refused',))
2018-03-07 14:00:44,858 - PMB LOG - INFO - Post the backup Data successfully!
2018-03-07 14:01:39,649 - PMB LOG - INFO - Entering manual mode...
2018-03-07 14:01:39,650 - PMB LOG - INFO - ### Starting Pamiris MySQL Backup Application ###
2018-03-07 14:01:39,650 - PMB LOG - INFO - Running with: backup --full --all-databases --manual
2018-03-07 14:01:39,650 - PMB LOG - INFO - Database backup wanted...
2018-03-07 14:01:39,650 - PMB LOG - INFO - Running full backup...
2018-03-07 14:01:39,841 - PMB LOG - INFO - Full backup in progress...
2018-03-07 14:01:39,842 - PMB LOG - INFO - Changing directories... (/backup/192168134135_3306/mysqldump/all/2018-03-07)
2018-03-07 14:01:39,965 - PMB LOG - INFO - Running mysqldump and creating File: 192168134135_3306_all_dump_20180307_1401
2018-03-07 14:01:53,038 - PMB LOG - INFO - Full backup created successfully!
2018-03-07 14:01:53,039 - PMB LOG - INFO - Compressing backup...
2018-03-07 14:01:57,774 - PMB LOG - INFO - File compression completed...
2018-03-07 14:02:01,414 - PMB LOG - ERROR - HTTPConnectionPool(host='192.168.134.135', port=9999): Max retries exceeded with url: /dbmanage/backup_manage/received/backup_info/ (Caused by NewConnectionError('<urllib3.connection.HTTPConnection object at 0x7fa07ff6ab90>: Failed to establish a new connection: [Errno 111] Connection refused',))
2018-03-07 14:02:01,431 - PMB LOG - ERROR - HTTPConnectionPool(host='192.168.134.135', port=9999): Max retries exceeded with url: /dbmanage/backup_manage/received/backup_info/ (Caused by NewConnectionError('<urllib3.connection.HTTPConnection object at 0x7fa07ff6ac90>: Failed to establish a new connection: [Errno 111] Connection refused',))
2018-03-07 14:02:18,281 - PMB LOG - INFO - Entering manual mode...
2018-03-07 14:02:18,282 - PMB LOG - INFO - ### Starting Pamiris MySQL Backup Application ###
2018-03-07 14:02:18,282 - PMB LOG - INFO - Running with: backup --full --all-databases --manual
2018-03-07 14:02:18,282 - PMB LOG - INFO - Database backup wanted...
2018-03-07 14:02:18,283 - PMB LOG - INFO - Running full backup...
2018-03-07 14:02:18,359 - PMB LOG - INFO - Full backup in progress...
2018-03-07 14:02:18,359 - PMB LOG - INFO - Changing directories... (/backup/192168134135_3306/mysqldump/all/2018-03-07)
2018-03-07 14:02:18,372 - PMB LOG - INFO - Running mysqldump and creating File: 192168134135_3306_all_dump_20180307_1402
2018-03-07 14:02:27,867 - PMB LOG - INFO - Full backup created successfully!
2018-03-07 14:02:27,868 - PMB LOG - INFO - Compressing backup...
2018-03-07 14:02:32,684 - PMB LOG - INFO - File compression completed...
2018-03-07 14:02:40,819 - PMB LOG - ERROR - HTTPConnectionPool(host='192.168.134.135', port=9999): Max retries exceeded with url: /dbmanage/backup_manage/received/backup_info/ (Caused by NewConnectionError('<urllib3.connection.HTTPConnection object at 0x7f8c77b55350>: Failed to establish a new connection: [Errno 111] Connection refused',))
2018-03-07 14:04:26,246 - PMB LOG - INFO - Entering manual mode...
2018-03-07 14:04:26,247 - PMB LOG - INFO - ### Starting Pamiris MySQL Backup Application ###
2018-03-07 14:04:26,247 - PMB LOG - INFO - Running with: backup --full --all-databases --manual
2018-03-07 14:04:26,247 - PMB LOG - INFO - Database backup wanted...
2018-03-07 14:04:26,247 - PMB LOG - INFO - Running full backup...
2018-03-07 14:04:26,382 - PMB LOG - INFO - Full backup in progress...
2018-03-07 14:04:26,383 - PMB LOG - INFO - Changing directories... (/backup/192168134135_3306/mysqldump/all/2018-03-07)
2018-03-07 14:04:26,408 - PMB LOG - INFO - Running mysqldump and creating File: 192168134135_3306_all_dump_20180307_1404
2018-03-07 14:04:37,365 - PMB LOG - INFO - Full backup created successfully!
2018-03-07 14:04:37,366 - PMB LOG - INFO - Compressing backup...
2018-03-07 14:04:42,163 - PMB LOG - INFO - File compression completed...
2018-03-07 14:05:03,422 - PMB LOG - ERROR - HTTPConnectionPool(host='192.168.134.135', port=9999): Max retries exceeded with url: /dbmanage/backup_manage/received/backup_info/ (Caused by NewConnectionError('<urllib3.connection.HTTPConnection object at 0x7f03a31ea350>: Failed to establish a new connection: [Errno 111] Connection refused',))
2018-03-07 14:05:26,010 - PMB LOG - ERROR - HTTPConnectionPool(host='192.168.134.135', port=9999): Max retries exceeded with url: /dbmanage/backup_manage/received/backup_info/ (Caused by NewConnectionError('<urllib3.connection.HTTPConnection object at 0x7f03a31ea250>: Failed to establish a new connection: [Errno 111] Connection refused',))
2018-03-07 14:05:45,815 - PMB LOG - INFO - Entering manual mode...
2018-03-07 14:05:45,815 - PMB LOG - INFO - ### Starting Pamiris MySQL Backup Application ###
2018-03-07 14:05:45,816 - PMB LOG - INFO - Running with: backup --full --all-databases --manual
2018-03-07 14:05:45,816 - PMB LOG - INFO - Database backup wanted...
2018-03-07 14:05:45,816 - PMB LOG - INFO - Running full backup...
2018-03-07 14:05:45,871 - PMB LOG - INFO - Full backup in progress...
2018-03-07 14:05:45,871 - PMB LOG - INFO - Changing directories... (/backup/192168134135_3306/mysqldump/all/2018-03-07)
2018-03-07 14:05:45,918 - PMB LOG - INFO - Running mysqldump and creating File: 192168134135_3306_all_dump_20180307_1405
2018-03-07 14:05:54,860 - PMB LOG - INFO - Full backup created successfully!
2018-03-07 14:05:54,860 - PMB LOG - INFO - Compressing backup...
2018-03-07 14:05:59,626 - PMB LOG - INFO - File compression completed...
2018-03-07 14:06:12,413 - PMB LOG - ERROR - HTTPConnectionPool(host='192.168.134.135', port=9999): Max retries exceeded with url: /dbmanage/backup_manage/received/backup_info/ (Caused by NewConnectionError('<urllib3.connection.HTTPConnection object at 0x7ff52f827350>: Failed to establish a new connection: [Errno 111] Connection refused',))
2018-03-07 15:23:16,975 - PMB LOG - INFO - Entering manual mode...
2018-03-07 15:23:16,975 - PMB LOG - INFO - ### Starting Pamiris MySQL Backup Application ###
2018-03-07 15:23:16,976 - PMB LOG - INFO - Running with: backup --full --all-databases --manual
2018-03-07 15:23:16,976 - PMB LOG - INFO - Database backup wanted...
2018-03-07 15:23:16,976 - PMB LOG - INFO - Running full backup...
2018-03-07 15:23:38,373 - PMB LOG - INFO - Entering manual mode...
2018-03-07 15:23:38,374 - PMB LOG - INFO - ### Starting Pamiris MySQL Backup Application ###
2018-03-07 15:23:38,374 - PMB LOG - INFO - Running with: backup --full --all-databases --manual
2018-03-07 15:23:38,374 - PMB LOG - INFO - Database backup wanted...
2018-03-07 15:23:38,379 - PMB LOG - INFO - Running full backup...
2018-03-07 15:23:38,506 - PMB LOG - INFO - Full backup in progress...
2018-03-07 15:23:38,507 - PMB LOG - INFO - Changing directories... (/backup/192168134135_3306/mysqldump/all/2018-03-07)
2018-03-07 15:23:38,536 - PMB LOG - INFO - Running mysqldump and creating File: 192168134135_3306_all_dump_20180307_1523
2018-03-07 15:23:48,335 - PMB LOG - INFO - Full backup created successfully!
2018-03-07 15:23:48,336 - PMB LOG - INFO - Compressing backup...
2018-03-07 15:23:53,206 - PMB LOG - INFO - File compression completed...
2018-03-07 15:24:06,532 - PMB LOG - ERROR - HTTPConnectionPool(host='192.168.134.135', port=9999): Max retries exceeded with url: /dbmanage/backup_manage/received/backup_info/ (Caused by NewConnectionError('<urllib3.connection.HTTPConnection object at 0x7f606ce51390>: Failed to establish a new connection: [Errno 111] Connection refused',))
2018-03-07 15:24:30,861 - PMB LOG - ERROR - HTTPConnectionPool(host='192.168.134.135', port=9999): Max retries exceeded with url: /dbmanage/backup_manage/received/backup_info/ (Caused by NewConnectionError('<urllib3.connection.HTTPConnection object at 0x7f606ce51190>: Failed to establish a new connection: [Errno 111] Connection refused',))
2018-03-07 15:24:58,788 - PMB LOG - INFO - Entering manual mode...
2018-03-07 15:24:58,789 - PMB LOG - INFO - ### Starting Pamiris MySQL Backup Application ###
2018-03-07 15:24:58,789 - PMB LOG - INFO - Running with: backup --full --all-databases --manual
2018-03-07 15:24:58,789 - PMB LOG - INFO - Database backup wanted...
2018-03-07 15:24:58,789 - PMB LOG - INFO - Running full backup...
2018-03-07 15:25:14,697 - PMB LOG - INFO - Entering manual mode...
2018-03-07 15:25:14,698 - PMB LOG - INFO - ### Starting Pamiris MySQL Backup Application ###
2018-03-07 15:25:14,698 - PMB LOG - INFO - Running with: backup --full --all-databases --manual
2018-03-07 15:25:14,698 - PMB LOG - INFO - Database backup wanted...
2018-03-07 15:25:14,699 - PMB LOG - INFO - Running full backup...
2018-03-07 15:25:14,797 - PMB LOG - INFO - Full backup in progress...
2018-03-07 15:25:14,797 - PMB LOG - INFO - Changing directories... (/backup/192168134135_3306/mysqldump/all/2018-03-07)
2018-03-07 15:25:14,823 - PMB LOG - INFO - Running mysqldump and creating File: 192168134135_3306_all_dump_20180307_1525
2018-03-07 15:25:24,354 - PMB LOG - INFO - Full backup created successfully!
2018-03-07 15:25:24,354 - PMB LOG - INFO - Compressing backup...
2018-03-07 15:25:29,001 - PMB LOG - INFO - File compression completed...
2018-03-07 15:25:36,745 - PMB LOG - ERROR - HTTPConnectionPool(host='192.168.134.135', port=9999): Max retries exceeded with url: /dbmanage/backup_manage/received/backup_info/ (Caused by NewConnectionError('<urllib3.connection.HTTPConnection object at 0x7f0c4f2d1350>: Failed to establish a new connection: [Errno 111] Connection refused',))
2018-03-07 15:25:48,028 - PMB LOG - ERROR - HTTPConnectionPool(host='192.168.134.135', port=9999): Max retries exceeded with url: /dbmanage/backup_manage/received/backup_info/ (Caused by NewConnectionError('<urllib3.connection.HTTPConnection object at 0x7f0c4f2d1150>: Failed to establish a new connection: [Errno 111] Connection refused',))
2018-03-07 15:26:08,072 - PMB LOG - ERROR - HTTPConnectionPool(host='192.168.134.135', port=9999): Max retries exceeded with url: /dbmanage/backup_manage/received/backup_info/ (Caused by NewConnectionError('<urllib3.connection.HTTPConnection object at 0x7f0c4f2d1310>: Failed to establish a new connection: [Errno 111] Connection refused',))
2018-03-07 15:26:35,125 - PMB LOG - INFO - Entering manual mode...
2018-03-07 15:26:35,125 - PMB LOG - INFO - ### Starting Pamiris MySQL Backup Application ###
2018-03-07 15:26:35,125 - PMB LOG - INFO - Running with: backup --full --all-databases --manual
2018-03-07 15:26:35,125 - PMB LOG - INFO - Database backup wanted...
2018-03-07 15:26:35,126 - PMB LOG - INFO - Running full backup...
2018-03-07 15:26:35,192 - PMB LOG - INFO - Full backup in progress...
2018-03-07 15:26:35,192 - PMB LOG - INFO - Changing directories... (/backup/192168134135_3306/mysqldump/all/2018-03-07)
2018-03-07 15:26:35,204 - PMB LOG - INFO - Running mysqldump and creating File: 192168134135_3306_all_dump_20180307_1526
2018-03-07 15:26:44,034 - PMB LOG - INFO - Full backup created successfully!
2018-03-07 15:26:44,035 - PMB LOG - INFO - Compressing backup...
2018-03-07 15:26:48,759 - PMB LOG - INFO - File compression completed...
2018-03-07 15:26:52,069 - PMB LOG - INFO - Post the backup Data successfully!
2018-03-07 15:26:52,276 - PMB LOG - INFO - Post the backup Data successfully!
2018-03-07 15:26:52,457 - PMB LOG - INFO - Post the backup Data successfully!
2018-03-07 15:35:32,115 - PMB LOG - INFO - Entering manual mode...
2018-03-07 15:35:32,115 - PMB LOG - INFO - ### Starting Pamiris MySQL Backup Application ###
2018-03-07 15:35:32,115 - PMB LOG - INFO - Running with: backup --incremental --all-databases --manual
2018-03-07 15:35:32,115 - PMB LOG - INFO - Database backup wanted...
2018-03-07 15:35:32,116 - PMB LOG - INFO - Running incremental backup...
2018-03-07 15:35:32,216 - PMB LOG - INFO - Incremental backup in progress...
2018-03-07 15:35:32,216 - PMB LOG - INFO - Changing directories... (/backup/192168134135_3306/binlog/)
2018-03-07 15:35:32,297 - PMB LOG - INFO - Flushing binary logs...
2018-03-07 15:35:32,371 - PMB LOG - INFO - Changing directories... (/backup/192168134135_3306/binlog)
2018-03-07 15:35:32,371 - PMB LOG - INFO - Copying binary logs...
2018-03-07 15:35:32,416 - PMB LOG - INFO - cp /var/log/mysql/binlog/mysql-bin.000217 /backup/192168134135_3306/binlog
2018-03-07 15:35:32,417 - PMB LOG - INFO - Compressing incremental backup...
2018-03-07 15:35:32,433 - PMB LOG - INFO - Compressing backup completed successfully!
2018-03-07 15:35:32,585 - PMB LOG - INFO - Post the backup Data successfully!
2018-03-07 15:35:32,598 - PMB LOG - INFO - cp /var/log/mysql/binlog/mysql-bin.000218 /backup/192168134135_3306/binlog
2018-03-07 15:35:32,598 - PMB LOG - INFO - Compressing incremental backup...
2018-03-07 15:35:32,610 - PMB LOG - INFO - Compressing backup completed successfully!
2018-03-07 15:35:32,828 - PMB LOG - INFO - Post the backup Data successfully!
2018-03-07 15:35:32,855 - PMB LOG - INFO - cp /var/log/mysql/binlog/mysql-bin.000219 /backup/192168134135_3306/binlog
2018-03-07 15:35:32,855 - PMB LOG - INFO - Compressing incremental backup...
2018-03-07 15:35:32,871 - PMB LOG - INFO - Compressing backup completed successfully!
2018-03-07 15:35:33,034 - PMB LOG - INFO - Post the backup Data successfully!
2018-03-07 15:35:33,066 - PMB LOG - INFO - cp /var/log/mysql/binlog/mysql-bin.000220 /backup/192168134135_3306/binlog
2018-03-07 15:35:33,067 - PMB LOG - INFO - Compressing incremental backup...
2018-03-07 15:35:33,089 - PMB LOG - INFO - Compressing backup completed successfully!
2018-03-07 15:35:33,243 - PMB LOG - INFO - Post the backup Data successfully!
2018-03-07 15:35:33,264 - PMB LOG - INFO - cp /var/log/mysql/binlog/mysql-bin.000221 /backup/192168134135_3306/binlog
2018-03-07 15:35:33,264 - PMB LOG - INFO - Compressing incremental backup...
2018-03-07 15:35:33,284 - PMB LOG - INFO - Compressing backup completed successfully!
2018-03-07 15:35:33,412 - PMB LOG - INFO - Post the backup Data successfully!
2018-03-07 15:35:33,445 - PMB LOG - INFO - cp /var/log/mysql/binlog/mysql-bin.000222 /backup/192168134135_3306/binlog
2018-03-07 15:35:33,446 - PMB LOG - INFO - Compressing incremental backup...
2018-03-07 15:35:33,475 - PMB LOG - INFO - Compressing backup completed successfully!
2018-03-07 15:35:33,706 - PMB LOG - INFO - Post the backup Data successfully!
2018-03-07 15:35:33,724 - PMB LOG - INFO - cp /var/log/mysql/binlog/mysql-bin.000223 /backup/192168134135_3306/binlog
2018-03-07 15:35:33,725 - PMB LOG - INFO - Compressing incremental backup...
2018-03-07 15:35:33,742 - PMB LOG - INFO - Compressing backup completed successfully!
2018-03-07 15:35:33,954 - PMB LOG - INFO - Post the backup Data successfully!
2018-03-07 15:35:33,980 - PMB LOG - INFO - cp /var/log/mysql/binlog/mysql-bin.000224 /backup/192168134135_3306/binlog
2018-03-07 15:35:33,980 - PMB LOG - INFO - Compressing incremental backup...
2018-03-07 15:35:34,001 - PMB LOG - INFO - Compressing backup completed successfully!
2018-03-07 15:35:34,203 - PMB LOG - INFO - Post the backup Data successfully!
2018-03-07 15:35:34,208 - PMB LOG - INFO - cp /var/log/mysql/binlog/mysql-bin.000225 /backup/192168134135_3306/binlog
2018-03-07 15:35:34,209 - PMB LOG - INFO - Compressing incremental backup...
2018-03-07 15:35:34,236 - PMB LOG - INFO - Compressing backup completed successfully!
2018-03-07 15:35:34,371 - PMB LOG - INFO - Post the backup Data successfully!
2018-03-07 15:35:34,384 - PMB LOG - INFO - cp /var/log/mysql/binlog/mysql-bin.000226 /backup/192168134135_3306/binlog
2018-03-07 15:35:34,384 - PMB LOG - INFO - Compressing incremental backup...
2018-03-07 15:35:34,398 - PMB LOG - INFO - Compressing backup completed successfully!
2018-03-07 15:35:34,572 - PMB LOG - INFO - Post the backup Data successfully!
2018-03-07 15:35:34,582 - PMB LOG - INFO - cp /var/log/mysql/binlog/mysql-bin.000227 /backup/192168134135_3306/binlog
2018-03-07 15:35:34,582 - PMB LOG - INFO - Compressing incremental backup...
2018-03-07 15:35:34,591 - PMB LOG - INFO - Compressing backup completed successfully!
2018-03-07 15:35:34,700 - PMB LOG - INFO - Post the backup Data successfully!
2018-03-07 15:35:34,725 - PMB LOG - INFO - cp /var/log/mysql/binlog/mysql-bin.000228 /backup/192168134135_3306/binlog
2018-03-07 15:35:34,725 - PMB LOG - INFO - Compressing incremental backup...
2018-03-07 15:35:34,752 - PMB LOG - INFO - Compressing backup completed successfully!
2018-03-07 15:35:34,914 - PMB LOG - INFO - Post the backup Data successfully!
2018-03-07 15:35:34,932 - PMB LOG - INFO - cp /var/log/mysql/binlog/mysql-bin.000229 /backup/192168134135_3306/binlog
2018-03-07 15:35:34,932 - PMB LOG - INFO - Compressing incremental backup...
2018-03-07 15:35:34,946 - PMB LOG - INFO - Compressing backup completed successfully!
2018-03-07 15:35:35,062 - PMB LOG - INFO - Post the backup Data successfully!
2018-03-07 15:35:35,085 - PMB LOG - INFO - cp /var/log/mysql/binlog/mysql-bin.000230 /backup/192168134135_3306/binlog
2018-03-07 15:35:35,085 - PMB LOG - INFO - Compressing incremental backup...
2018-03-07 15:35:35,103 - PMB LOG - INFO - Compressing backup completed successfully!
2018-03-07 15:35:35,300 - PMB LOG - INFO - Post the backup Data successfully!
2018-03-07 15:35:35,315 - PMB LOG - INFO - cp /var/log/mysql/binlog/mysql-bin.000231 /backup/192168134135_3306/binlog
2018-03-07 15:35:35,316 - PMB LOG - INFO - Compressing incremental backup...
2018-03-07 15:35:35,328 - PMB LOG - INFO - Compressing backup completed successfully!
2018-03-07 15:35:35,475 - PMB LOG - INFO - Post the backup Data successfully!
2018-03-07 15:35:35,492 - PMB LOG - INFO - cp /var/log/mysql/binlog/mysql-bin.000232 /backup/192168134135_3306/binlog
2018-03-07 15:35:35,492 - PMB LOG - INFO - Compressing incremental backup...
2018-03-07 15:35:35,518 - PMB LOG - INFO - Compressing backup completed successfully!
2018-03-07 15:35:35,745 - PMB LOG - INFO - Post the backup Data successfully!
2018-03-07 15:35:35,768 - PMB LOG - INFO - cp /var/log/mysql/binlog/mysql-bin.000233 /backup/192168134135_3306/binlog
2018-03-07 15:35:35,768 - PMB LOG - INFO - Compressing incremental backup...
2018-03-07 15:35:35,778 - PMB LOG - INFO - Compressing backup completed successfully!
2018-03-07 15:35:35,899 - PMB LOG - INFO - Post the backup Data successfully!
2018-03-07 15:35:35,917 - PMB LOG - INFO - cp /var/log/mysql/binlog/mysql-bin.000234 /backup/192168134135_3306/binlog
2018-03-07 15:35:35,918 - PMB LOG - INFO - Compressing incremental backup...
2018-03-07 15:35:35,931 - PMB LOG - INFO - Compressing backup completed successfully!
2018-03-07 15:35:36,066 - PMB LOG - INFO - Post the backup Data successfully!
2018-03-07 15:35:36,082 - PMB LOG - INFO - cp /var/log/mysql/binlog/mysql-bin.000235 /backup/192168134135_3306/binlog
2018-03-07 15:35:36,083 - PMB LOG - INFO - Compressing incremental backup...
2018-03-07 15:35:36,093 - PMB LOG - INFO - Compressing backup completed successfully!
2018-03-07 15:35:36,218 - PMB LOG - INFO - Post the backup Data successfully!
2018-03-07 15:35:36,236 - PMB LOG - INFO - cp /var/log/mysql/binlog/mysql-bin.000236 /backup/192168134135_3306/binlog
2018-03-07 15:35:36,236 - PMB LOG - INFO - Compressing incremental backup...
2018-03-07 15:35:36,239 - PMB LOG - INFO - Compressing backup completed successfully!
2018-03-07 15:35:36,411 - PMB LOG - INFO - Post the backup Data successfully!
2018-03-07 15:35:36,425 - PMB LOG - INFO - cp /var/log/mysql/binlog/mysql-bin.000237 /backup/192168134135_3306/binlog
2018-03-07 15:35:36,425 - PMB LOG - INFO - Compressing incremental backup...
2018-03-07 15:35:36,439 - PMB LOG - INFO - Compressing backup completed successfully!
2018-03-07 15:35:36,554 - PMB LOG - INFO - Post the backup Data successfully!
2018-03-07 15:38:43,549 - PMB LOG - INFO - Entering manual mode...
2018-03-07 15:38:43,550 - PMB LOG - INFO - ### Starting Pamiris MySQL Backup Application ###
2018-03-07 15:38:43,550 - PMB LOG - INFO - Running with: backup --incremental --all-databases --manual
2018-03-07 15:38:43,551 - PMB LOG - INFO - Database backup wanted...
2018-03-07 15:38:43,551 - PMB LOG - INFO - Running incremental backup...
2018-03-07 15:38:58,217 - PMB LOG - INFO - Entering manual mode...
2018-03-07 15:38:58,217 - PMB LOG - INFO - ### Starting Pamiris MySQL Backup Application ###
2018-03-07 15:38:58,218 - PMB LOG - INFO - Running with: backup --incremental --all-databases --manual
2018-03-07 15:38:58,218 - PMB LOG - INFO - Database backup wanted...
2018-03-07 15:38:58,218 - PMB LOG - INFO - Running incremental backup...
2018-03-07 15:38:58,274 - PMB LOG - INFO - Incremental backup in progress...
2018-03-07 15:38:58,278 - PMB LOG - INFO - Changing directories... (/backup/192168134135_3306/binlog/)
2018-03-07 15:38:58,286 - PMB LOG - INFO - Flushing binary logs...
2018-03-07 15:38:58,306 - PMB LOG - INFO - Changing directories... (/backup/192168134135_3306/binlog)
2018-03-07 15:38:58,306 - PMB LOG - INFO - Copying binary logs...
2018-03-07 15:38:58,335 - PMB LOG - INFO - cp /var/log/mysql/binlog/mysql-bin.000211 /backup/192168134135_3306/binlog
2018-03-07 15:38:58,335 - PMB LOG - INFO - Compressing incremental backup...
2018-03-07 15:38:58,342 - PMB LOG - INFO - Compressing backup completed successfully!
2018-03-07 15:38:58,447 - PMB LOG - INFO - Post the backup Data successfully!
2018-03-07 15:38:59,154 - PMB LOG - INFO - cp /var/log/mysql/binlog/mysql-bin.000212 /backup/192168134135_3306/binlog
2018-03-07 15:38:59,154 - PMB LOG - INFO - Compressing incremental backup...
2018-03-07 15:39:00,897 - PMB LOG - INFO - Compressing backup completed successfully!
2018-03-07 15:39:01,041 - PMB LOG - INFO - Post the backup Data successfully!
2018-03-07 15:39:01,066 - PMB LOG - INFO - cp /var/log/mysql/binlog/mysql-bin.000213 /backup/192168134135_3306/binlog
2018-03-07 15:39:01,066 - PMB LOG - INFO - Compressing incremental backup...
2018-03-07 15:39:01,069 - PMB LOG - INFO - Compressing backup completed successfully!
2018-03-07 15:39:01,155 - PMB LOG - INFO - Post the backup Data successfully!
2018-03-07 15:39:01,175 - PMB LOG - INFO - cp /var/log/mysql/binlog/mysql-bin.000214 /backup/192168134135_3306/binlog
2018-03-07 15:39:01,175 - PMB LOG - INFO - Compressing incremental backup...
2018-03-07 15:39:01,187 - PMB LOG - INFO - Compressing backup completed successfully!
2018-03-07 15:39:01,323 - PMB LOG - INFO - Post the backup Data successfully!
2018-03-07 15:39:01,342 - PMB LOG - INFO - cp /var/log/mysql/binlog/mysql-bin.000215 /backup/192168134135_3306/binlog
2018-03-07 15:39:01,343 - PMB LOG - INFO - Compressing incremental backup...
2018-03-07 15:39:01,359 - PMB LOG - INFO - Compressing backup completed successfully!
2018-03-07 15:39:01,536 - PMB LOG - INFO - Post the backup Data successfully!
2018-03-07 15:39:01,564 - PMB LOG - INFO - cp /var/log/mysql/binlog/mysql-bin.000216 /backup/192168134135_3306/binlog
2018-03-07 15:39:01,565 - PMB LOG - INFO - Compressing incremental backup...
2018-03-07 15:39:01,586 - PMB LOG - INFO - Compressing backup completed successfully!
2018-03-07 15:39:01,736 - PMB LOG - INFO - Post the backup Data successfully!
2018-03-07 15:39:01,745 - PMB LOG - INFO - cp /var/log/mysql/binlog/mysql-bin.000217 /backup/192168134135_3306/binlog
2018-03-07 15:39:01,745 - PMB LOG - INFO - Compressing incremental backup...
2018-03-07 15:39:01,748 - PMB LOG - INFO - Compressing backup completed successfully!
2018-03-07 15:39:01,832 - PMB LOG - INFO - Post the backup Data successfully!
2018-03-07 15:39:01,838 - PMB LOG - INFO - cp /var/log/mysql/binlog/mysql-bin.000218 /backup/192168134135_3306/binlog
2018-03-07 15:39:01,838 - PMB LOG - INFO - Compressing incremental backup...
2018-03-07 15:39:01,842 - PMB LOG - INFO - Compressing backup completed successfully!
2018-03-07 15:39:01,929 - PMB LOG - INFO - Post the backup Data successfully!
2018-03-07 15:39:01,936 - PMB LOG - INFO - cp /var/log/mysql/binlog/mysql-bin.000219 /backup/192168134135_3306/binlog
2018-03-07 15:39:01,936 - PMB LOG - INFO - Compressing incremental backup...
2018-03-07 15:39:01,940 - PMB LOG - INFO - Compressing backup completed successfully!
2018-03-07 15:39:02,047 - PMB LOG - INFO - Post the backup Data successfully!
2018-03-07 15:39:02,054 - PMB LOG - INFO - cp /var/log/mysql/binlog/mysql-bin.000220 /backup/192168134135_3306/binlog
2018-03-07 15:39:02,054 - PMB LOG - INFO - Compressing incremental backup...
2018-03-07 15:39:02,056 - PMB LOG - INFO - Compressing backup completed successfully!
2018-03-07 15:39:02,152 - PMB LOG - INFO - Post the backup Data successfully!
2018-03-07 15:39:02,159 - PMB LOG - INFO - cp /var/log/mysql/binlog/mysql-bin.000221 /backup/192168134135_3306/binlog
2018-03-07 15:39:02,159 - PMB LOG - INFO - Compressing incremental backup...
2018-03-07 15:39:02,163 - PMB LOG - INFO - Compressing backup completed successfully!
2018-03-07 15:39:02,257 - PMB LOG - INFO - Post the backup Data successfully!
2018-03-07 15:39:02,261 - PMB LOG - INFO - cp /var/log/mysql/binlog/mysql-bin.000222 /backup/192168134135_3306/binlog
2018-03-07 15:39:02,261 - PMB LOG - INFO - Compressing incremental backup...
2018-03-07 15:39:02,265 - PMB LOG - INFO - Compressing backup completed successfully!
2018-03-07 15:39:02,360 - PMB LOG - INFO - Post the backup Data successfully!
2018-03-07 15:39:02,366 - PMB LOG - INFO - cp /var/log/mysql/binlog/mysql-bin.000223 /backup/192168134135_3306/binlog
2018-03-07 15:39:02,366 - PMB LOG - INFO - Compressing incremental backup...
2018-03-07 15:39:02,371 - PMB LOG - INFO - Compressing backup completed successfully!
2018-03-07 15:39:02,489 - PMB LOG - INFO - Post the backup Data successfully!
2018-03-07 15:39:02,493 - PMB LOG - INFO - cp /var/log/mysql/binlog/mysql-bin.000224 /backup/192168134135_3306/binlog
2018-03-07 15:39:02,494 - PMB LOG - INFO - Compressing incremental backup...
2018-03-07 15:39:02,497 - PMB LOG - INFO - Compressing backup completed successfully!
2018-03-07 15:39:02,580 - PMB LOG - INFO - Post the backup Data successfully!
2018-03-07 15:39:02,615 - PMB LOG - INFO - cp /var/log/mysql/binlog/mysql-bin.000225 /backup/192168134135_3306/binlog
2018-03-07 15:39:02,615 - PMB LOG - INFO - Compressing incremental backup...
2018-03-07 15:39:02,638 - PMB LOG - INFO - Compressing backup completed successfully!
2018-03-07 15:39:02,714 - PMB LOG - INFO - Post the backup Data successfully!
2018-03-07 15:39:02,718 - PMB LOG - INFO - cp /var/log/mysql/binlog/mysql-bin.000226 /backup/192168134135_3306/binlog
2018-03-07 15:39:02,718 - PMB LOG - INFO - Compressing incremental backup...
2018-03-07 15:39:02,722 - PMB LOG - INFO - Compressing backup completed successfully!
2018-03-07 15:39:02,858 - PMB LOG - INFO - Post the backup Data successfully!
2018-03-07 15:39:02,871 - PMB LOG - INFO - cp /var/log/mysql/binlog/mysql-bin.000227 /backup/192168134135_3306/binlog
2018-03-07 15:39:02,871 - PMB LOG - INFO - Compressing incremental backup...
2018-03-07 15:39:02,878 - PMB LOG - INFO - Compressing backup completed successfully!
2018-03-07 15:39:02,956 - PMB LOG - INFO - Post the backup Data successfully!
2018-03-07 15:39:02,962 - PMB LOG - INFO - cp /var/log/mysql/binlog/mysql-bin.000228 /backup/192168134135_3306/binlog
2018-03-07 15:39:02,962 - PMB LOG - INFO - Compressing incremental backup...
2018-03-07 15:39:02,965 - PMB LOG - INFO - Compressing backup completed successfully!
2018-03-07 15:39:03,075 - PMB LOG - INFO - Post the backup Data successfully!
2018-03-07 15:39:03,086 - PMB LOG - INFO - cp /var/log/mysql/binlog/mysql-bin.000229 /backup/192168134135_3306/binlog
2018-03-07 15:39:03,086 - PMB LOG - INFO - Compressing incremental backup...
2018-03-07 15:39:03,089 - PMB LOG - INFO - Compressing backup completed successfully!
2018-03-07 15:39:03,181 - PMB LOG - INFO - Post the backup Data successfully!
2018-03-07 15:39:03,185 - PMB LOG - INFO - cp /var/log/mysql/binlog/mysql-bin.000230 /backup/192168134135_3306/binlog
2018-03-07 15:39:03,185 - PMB LOG - INFO - Compressing incremental backup...
2018-03-07 15:39:03,188 - PMB LOG - INFO - Compressing backup completed successfully!
2018-03-07 15:39:03,255 - PMB LOG - INFO - Post the backup Data successfully!
2018-03-07 15:39:03,259 - PMB LOG - INFO - cp /var/log/mysql/binlog/mysql-bin.000231 /backup/192168134135_3306/binlog
2018-03-07 15:39:03,259 - PMB LOG - INFO - Compressing incremental backup...
2018-03-07 15:39:03,262 - PMB LOG - INFO - Compressing backup completed successfully!
2018-03-07 15:39:03,341 - PMB LOG - INFO - Post the backup Data successfully!
2018-03-07 15:39:03,345 - PMB LOG - INFO - cp /var/log/mysql/binlog/mysql-bin.000232 /backup/192168134135_3306/binlog
2018-03-07 15:39:03,346 - PMB LOG - INFO - Compressing incremental backup...
2018-03-07 15:39:03,348 - PMB LOG - INFO - Compressing backup completed successfully!
2018-03-07 15:39:03,411 - PMB LOG - INFO - Post the backup Data successfully!
2018-03-07 15:39:03,415 - PMB LOG - INFO - cp /var/log/mysql/binlog/mysql-bin.000233 /backup/192168134135_3306/binlog
2018-03-07 15:39:03,415 - PMB LOG - INFO - Compressing incremental backup...
2018-03-07 15:39:03,420 - PMB LOG - INFO - Compressing backup completed successfully!
2018-03-07 15:39:03,490 - PMB LOG - INFO - Post the backup Data successfully!
2018-03-07 15:39:03,495 - PMB LOG - INFO - cp /var/log/mysql/binlog/mysql-bin.000234 /backup/192168134135_3306/binlog
2018-03-07 15:39:03,495 - PMB LOG - INFO - Compressing incremental backup...
2018-03-07 15:39:03,499 - PMB LOG - INFO - Compressing backup completed successfully!
2018-03-07 15:39:03,585 - PMB LOG - INFO - Post the backup Data successfully!
2018-03-07 15:39:03,595 - PMB LOG - INFO - cp /var/log/mysql/binlog/mysql-bin.000235 /backup/192168134135_3306/binlog
2018-03-07 15:39:03,595 - PMB LOG - INFO - Compressing incremental backup...
2018-03-07 15:39:03,597 - PMB LOG - INFO - Compressing backup completed successfully!
2018-03-07 15:39:03,665 - PMB LOG - INFO - Post the backup Data successfully!
2018-03-07 15:39:03,670 - PMB LOG - INFO - cp /var/log/mysql/binlog/mysql-bin.000236 /backup/192168134135_3306/binlog
2018-03-07 15:39:03,670 - PMB LOG - INFO - Compressing incremental backup...
2018-03-07 15:39:03,673 - PMB LOG - INFO - Compressing backup completed successfully!
2018-03-07 15:39:03,747 - PMB LOG - INFO - Post the backup Data successfully!
2018-03-07 15:39:03,751 - PMB LOG - INFO - cp /var/log/mysql/binlog/mysql-bin.000237 /backup/192168134135_3306/binlog
2018-03-07 15:39:03,751 - PMB LOG - INFO - Compressing incremental backup...
2018-03-07 15:39:03,755 - PMB LOG - INFO - Compressing backup completed successfully!
2018-03-07 15:39:03,819 - PMB LOG - INFO - Post the backup Data successfully!
2018-03-07 15:39:03,824 - PMB LOG - INFO - cp /var/log/mysql/binlog/mysql-bin.000238 /backup/192168134135_3306/binlog
2018-03-07 15:39:03,824 - PMB LOG - INFO - Compressing incremental backup...
2018-03-07 15:39:03,828 - PMB LOG - INFO - Compressing backup completed successfully!
2018-03-07 15:39:03,889 - PMB LOG - INFO - Post the backup Data successfully!
2018-03-07 15:39:58,144 - PMB LOG - INFO - Entering manual mode...
2018-03-07 15:39:58,148 - PMB LOG - INFO - ### Starting Pamiris MySQL Backup Application ###
2018-03-07 15:39:58,148 - PMB LOG - INFO - Running with: backup --incremental --all-databases --manual
2018-03-07 15:39:58,148 - PMB LOG - INFO - Database backup wanted...
2018-03-07 15:39:58,149 - PMB LOG - INFO - Running incremental backup...
2018-03-07 15:39:58,277 - PMB LOG - INFO - Incremental backup in progress...
2018-03-07 15:39:58,298 - PMB LOG - INFO - Changing directories... (/backup/192168134135_3306/binlog/)
2018-03-07 15:39:58,306 - PMB LOG - INFO - Flushing binary logs...
2018-03-07 15:39:58,327 - PMB LOG - INFO - Changing directories... (/backup/192168134135_3306/binlog)
2018-03-07 15:39:58,327 - PMB LOG - INFO - Copying binary logs...
2018-03-07 15:39:58,331 - PMB LOG - INFO - cp /var/log/mysql/binlog/mysql-bin.000211 /backup/192168134135_3306/binlog
2018-03-07 15:39:58,331 - PMB LOG - INFO - Compressing incremental backup...
2018-03-07 15:39:58,334 - PMB LOG - INFO - Compressing backup completed successfully!
2018-03-07 15:39:58,474 - PMB LOG - INFO - Post the backup Data successfully!
2018-03-07 15:39:58,896 - PMB LOG - INFO - cp /var/log/mysql/binlog/mysql-bin.000212 /backup/192168134135_3306/binlog
2018-03-07 15:39:58,896 - PMB LOG - INFO - Compressing incremental backup...
2018-03-07 15:40:00,823 - PMB LOG - INFO - Compressing backup completed successfully!
2018-03-07 15:40:00,855 - PMB LOG - ERROR - HTTPConnectionPool(host='192.168.134.135', port=9999): Max retries exceeded with url: /dbmanage/backup_manage/received/backup_info/ (Caused by NewConnectionError('<urllib3.connection.HTTPConnection object at 0x7faa44ece550>: Failed to establish a new connection: [Errno 111] Connection refused',))
2018-03-07 15:40:00,859 - PMB LOG - INFO - cp /var/log/mysql/binlog/mysql-bin.000213 /backup/192168134135_3306/binlog
2018-03-07 15:40:00,859 - PMB LOG - INFO - Compressing incremental backup...
2018-03-07 15:40:00,872 - PMB LOG - INFO - Compressing backup completed successfully!
2018-03-07 15:40:00,878 - PMB LOG - ERROR - HTTPConnectionPool(host='192.168.134.135', port=9999): Max retries exceeded with url: /dbmanage/backup_manage/received/backup_info/ (Caused by NewConnectionError('<urllib3.connection.HTTPConnection object at 0x7faa44ece490>: Failed to establish a new connection: [Errno 111] Connection refused',))
2018-03-07 15:40:00,882 - PMB LOG - INFO - cp /var/log/mysql/binlog/mysql-bin.000214 /backup/192168134135_3306/binlog
2018-03-07 15:40:00,882 - PMB LOG - INFO - Compressing incremental backup...
2018-03-07 15:40:00,895 - PMB LOG - INFO - Compressing backup completed successfully!
2018-03-07 15:40:00,907 - PMB LOG - ERROR - HTTPConnectionPool(host='192.168.134.135', port=9999): Max retries exceeded with url: /dbmanage/backup_manage/received/backup_info/ (Caused by NewConnectionError('<urllib3.connection.HTTPConnection object at 0x7faa44ece250>: Failed to establish a new connection: [Errno 111] Connection refused',))
2018-03-07 15:40:00,913 - PMB LOG - INFO - cp /var/log/mysql/binlog/mysql-bin.000215 /backup/192168134135_3306/binlog
2018-03-07 15:40:00,913 - PMB LOG - INFO - Compressing incremental backup...
2018-03-07 15:40:00,918 - PMB LOG - INFO - Compressing backup completed successfully!
2018-03-07 15:40:00,928 - PMB LOG - ERROR - HTTPConnectionPool(host='192.168.134.135', port=9999): Max retries exceeded with url: /dbmanage/backup_manage/received/backup_info/ (Caused by NewConnectionError('<urllib3.connection.HTTPConnection object at 0x7faa44ece450>: Failed to establish a new connection: [Errno 111] Connection refused',))
2018-03-07 15:40:00,933 - PMB LOG - INFO - cp /var/log/mysql/binlog/mysql-bin.000216 /backup/192168134135_3306/binlog
2018-03-07 15:40:00,934 - PMB LOG - INFO - Compressing incremental backup...
2018-03-07 15:40:00,937 - PMB LOG - INFO - Compressing backup completed successfully!
2018-03-07 15:40:00,945 - PMB LOG - ERROR - HTTPConnectionPool(host='192.168.134.135', port=9999): Max retries exceeded with url: /dbmanage/backup_manage/received/backup_info/ (Caused by NewConnectionError('<urllib3.connection.HTTPConnection object at 0x7faa44ece1d0>: Failed to establish a new connection: [Errno 111] Connection refused',))
2018-03-07 15:40:00,949 - PMB LOG - INFO - cp /var/log/mysql/binlog/mysql-bin.000217 /backup/192168134135_3306/binlog
2018-03-07 15:40:00,950 - PMB LOG - INFO - Compressing incremental backup...
2018-03-07 15:40:00,954 - PMB LOG - INFO - Compressing backup completed successfully!
2018-03-07 15:40:00,962 - PMB LOG - ERROR - HTTPConnectionPool(host='192.168.134.135', port=9999): Max retries exceeded with url: /dbmanage/backup_manage/received/backup_info/ (Caused by NewConnectionError('<urllib3.connection.HTTPConnection object at 0x7faa44ece210>: Failed to establish a new connection: [Errno 111] Connection refused',))
2018-03-07 15:40:00,968 - PMB LOG - INFO - cp /var/log/mysql/binlog/mysql-bin.000218 /backup/192168134135_3306/binlog
2018-03-07 15:40:00,969 - PMB LOG - INFO - Compressing incremental backup...
2018-03-07 15:40:00,971 - PMB LOG - INFO - Compressing backup completed successfully!
2018-03-07 15:40:00,977 - PMB LOG - ERROR - HTTPConnectionPool(host='192.168.134.135', port=9999): Max retries exceeded with url: /dbmanage/backup_manage/received/backup_info/ (Caused by NewConnectionError('<urllib3.connection.HTTPConnection object at 0x7faa44ece410>: Failed to establish a new connection: [Errno 111] Connection refused',))
2018-03-07 15:40:00,981 - PMB LOG - INFO - cp /var/log/mysql/binlog/mysql-bin.000219 /backup/192168134135_3306/binlog
2018-03-07 15:40:00,981 - PMB LOG - INFO - Compressing incremental backup...
2018-03-07 15:40:00,999 - PMB LOG - INFO - Compressing backup completed successfully!
2018-03-07 15:40:01,013 - PMB LOG - ERROR - HTTPConnectionPool(host='192.168.134.135', port=9999): Max retries exceeded with url: /dbmanage/backup_manage/received/backup_info/ (Caused by NewConnectionError('<urllib3.connection.HTTPConnection object at 0x7faa44ece150>: Failed to establish a new connection: [Errno 111] Connection refused',))
2018-03-07 15:40:01,021 - PMB LOG - INFO - cp /var/log/mysql/binlog/mysql-bin.000220 /backup/192168134135_3306/binlog
2018-03-07 15:40:01,022 - PMB LOG - INFO - Compressing incremental backup...
2018-03-07 15:40:01,027 - PMB LOG - INFO - Compressing backup completed successfully!
2018-03-07 15:40:01,037 - PMB LOG - ERROR - HTTPConnectionPool(host='192.168.134.135', port=9999): Max retries exceeded with url: /dbmanage/backup_manage/received/backup_info/ (Caused by NewConnectionError('<urllib3.connection.HTTPConnection object at 0x7faa44ece550>: Failed to establish a new connection: [Errno 111] Connection refused',))
2018-03-07 15:40:01,044 - PMB LOG - INFO - cp /var/log/mysql/binlog/mysql-bin.000221 /backup/192168134135_3306/binlog
2018-03-07 15:40:01,044 - PMB LOG - INFO - Compressing incremental backup...
2018-03-07 15:40:01,047 - PMB LOG - INFO - Compressing backup completed successfully!
2018-03-07 15:40:01,053 - PMB LOG - ERROR - HTTPConnectionPool(host='192.168.134.135', port=9999): Max retries exceeded with url: /dbmanage/backup_manage/received/backup_info/ (Caused by NewConnectionError('<urllib3.connection.HTTPConnection object at 0x7faa44ece490>: Failed to establish a new connection: [Errno 111] Connection refused',))
2018-03-07 15:40:01,058 - PMB LOG - INFO - cp /var/log/mysql/binlog/mysql-bin.000222 /backup/192168134135_3306/binlog
2018-03-07 15:40:01,059 - PMB LOG - INFO - Compressing incremental backup...
2018-03-07 15:40:01,061 - PMB LOG - INFO - Compressing backup completed successfully!
2018-03-07 15:40:01,073 - PMB LOG - ERROR - HTTPConnectionPool(host='192.168.134.135', port=9999): Max retries exceeded with url: /dbmanage/backup_manage/received/backup_info/ (Caused by NewConnectionError('<urllib3.connection.HTTPConnection object at 0x7faa44ece250>: Failed to establish a new connection: [Errno 111] Connection refused',))
2018-03-07 15:40:01,077 - PMB LOG - INFO - cp /var/log/mysql/binlog/mysql-bin.000223 /backup/192168134135_3306/binlog
2018-03-07 15:40:01,077 - PMB LOG - INFO - Compressing incremental backup...
2018-03-07 15:40:01,082 - PMB LOG - INFO - Compressing backup completed successfully!
2018-03-07 15:40:01,090 - PMB LOG - ERROR - HTTPConnectionPool(host='192.168.134.135', port=9999): Max retries exceeded with url: /dbmanage/backup_manage/received/backup_info/ (Caused by NewConnectionError('<urllib3.connection.HTTPConnection object at 0x7faa44ece450>: Failed to establish a new connection: [Errno 111] Connection refused',))
2018-03-07 15:40:01,094 - PMB LOG - INFO - cp /var/log/mysql/binlog/mysql-bin.000224 /backup/192168134135_3306/binlog
2018-03-07 15:40:01,095 - PMB LOG - INFO - Compressing incremental backup...
2018-03-07 15:40:01,114 - PMB LOG - INFO - Compressing backup completed successfully!
2018-03-07 15:40:01,126 - PMB LOG - ERROR - HTTPConnectionPool(host='192.168.134.135', port=9999): Max retries exceeded with url: /dbmanage/backup_manage/received/backup_info/ (Caused by NewConnectionError('<urllib3.connection.HTTPConnection object at 0x7faa44ece1d0>: Failed to establish a new connection: [Errno 111] Connection refused',))
2018-03-07 15:40:01,134 - PMB LOG - INFO - cp /var/log/mysql/binlog/mysql-bin.000225 /backup/192168134135_3306/binlog
2018-03-07 15:40:01,135 - PMB LOG - INFO - Compressing incremental backup...
2018-03-07 15:40:01,141 - PMB LOG - INFO - Compressing backup completed successfully!
2018-03-07 15:40:01,147 - PMB LOG - ERROR - HTTPConnectionPool(host='192.168.134.135', port=9999): Max retries exceeded with url: /dbmanage/backup_manage/received/backup_info/ (Caused by NewConnectionError('<urllib3.connection.HTTPConnection object at 0x7faa44ece210>: Failed to establish a new connection: [Errno 111] Connection refused',))
2018-03-07 15:40:01,150 - PMB LOG - INFO - cp /var/log/mysql/binlog/mysql-bin.000226 /backup/192168134135_3306/binlog
2018-03-07 15:40:01,150 - PMB LOG - INFO - Compressing incremental backup...
2018-03-07 15:40:01,153 - PMB LOG - INFO - Compressing backup completed successfully!
2018-03-07 15:40:01,159 - PMB LOG - ERROR - HTTPConnectionPool(host='192.168.134.135', port=9999): Max retries exceeded with url: /dbmanage/backup_manage/received/backup_info/ (Caused by NewConnectionError('<urllib3.connection.HTTPConnection object at 0x7faa44ece410>: Failed to establish a new connection: [Errno 111] Connection refused',))
2018-03-07 15:40:01,162 - PMB LOG - INFO - cp /var/log/mysql/binlog/mysql-bin.000227 /backup/192168134135_3306/binlog
2018-03-07 15:40:01,163 - PMB LOG - INFO - Compressing incremental backup...
2018-03-07 15:40:01,167 - PMB LOG - INFO - Compressing backup completed successfully!
2018-03-07 15:40:01,173 - PMB LOG - ERROR - HTTPConnectionPool(host='192.168.134.135', port=9999): Max retries exceeded with url: /dbmanage/backup_manage/received/backup_info/ (Caused by NewConnectionError('<urllib3.connection.HTTPConnection object at 0x7faa44ece150>: Failed to establish a new connection: [Errno 111] Connection refused',))
2018-03-07 15:40:01,177 - PMB LOG - INFO - cp /var/log/mysql/binlog/mysql-bin.000228 /backup/192168134135_3306/binlog
2018-03-07 15:40:01,177 - PMB LOG - INFO - Compressing incremental backup...
2018-03-07 15:40:01,182 - PMB LOG - INFO - Compressing backup completed successfully!
2018-03-07 15:40:01,191 - PMB LOG - ERROR - HTTPConnectionPool(host='192.168.134.135', port=9999): Max retries exceeded with url: /dbmanage/backup_manage/received/backup_info/ (Caused by NewConnectionError('<urllib3.connection.HTTPConnection object at 0x7faa44ece550>: Failed to establish a new connection: [Errno 111] Connection refused',))
2018-03-07 15:40:01,196 - PMB LOG - INFO - cp /var/log/mysql/binlog/mysql-bin.000229 /backup/192168134135_3306/binlog
2018-03-07 15:40:01,197 - PMB LOG - INFO - Compressing incremental backup...
2018-03-07 15:40:01,202 - PMB LOG - INFO - Compressing backup completed successfully!
2018-03-07 15:40:01,207 - PMB LOG - ERROR - HTTPConnectionPool(host='192.168.134.135', port=9999): Max retries exceeded with url: /dbmanage/backup_manage/received/backup_info/ (Caused by NewConnectionError('<urllib3.connection.HTTPConnection object at 0x7faa44ece490>: Failed to establish a new connection: [Errno 111] Connection refused',))
2018-03-07 15:40:01,213 - PMB LOG - INFO - cp /var/log/mysql/binlog/mysql-bin.000230 /backup/192168134135_3306/binlog
2018-03-07 15:40:01,213 - PMB LOG - INFO - Compressing incremental backup...
2018-03-07 15:40:01,217 - PMB LOG - INFO - Compressing backup completed successfully!
2018-03-07 15:40:01,221 - PMB LOG - ERROR - HTTPConnectionPool(host='192.168.134.135', port=9999): Max retries exceeded with url: /dbmanage/backup_manage/received/backup_info/ (Caused by NewConnectionError('<urllib3.connection.HTTPConnection object at 0x7faa44ece250>: Failed to establish a new connection: [Errno 111] Connection refused',))
2018-03-07 15:40:01,227 - PMB LOG - INFO - cp /var/log/mysql/binlog/mysql-bin.000231 /backup/192168134135_3306/binlog
2018-03-07 15:40:01,227 - PMB LOG - INFO - Compressing incremental backup...
2018-03-07 15:40:01,230 - PMB LOG - INFO - Compressing backup completed successfully!
2018-03-07 15:40:01,238 - PMB LOG - ERROR - HTTPConnectionPool(host='192.168.134.135', port=9999): Max retries exceeded with url: /dbmanage/backup_manage/received/backup_info/ (Caused by NewConnectionError('<urllib3.connection.HTTPConnection object at 0x7faa44ece450>: Failed to establish a new connection: [Errno 111] Connection refused',))
2018-03-07 15:40:01,241 - PMB LOG - INFO - cp /var/log/mysql/binlog/mysql-bin.000232 /backup/192168134135_3306/binlog
2018-03-07 15:40:01,242 - PMB LOG - INFO - Compressing incremental backup...
2018-03-07 15:40:01,245 - PMB LOG - INFO - Compressing backup completed successfully!
2018-03-07 15:40:01,252 - PMB LOG - ERROR - HTTPConnectionPool(host='192.168.134.135', port=9999): Max retries exceeded with url: /dbmanage/backup_manage/received/backup_info/ (Caused by NewConnectionError('<urllib3.connection.HTTPConnection object at 0x7faa44ece1d0>: Failed to establish a new connection: [Errno 111] Connection refused',))
2018-03-07 15:40:01,257 - PMB LOG - INFO - cp /var/log/mysql/binlog/mysql-bin.000233 /backup/192168134135_3306/binlog
2018-03-07 15:40:01,257 - PMB LOG - INFO - Compressing incremental backup...
2018-03-07 15:40:01,262 - PMB LOG - INFO - Compressing backup completed successfully!
2018-03-07 15:40:01,270 - PMB LOG - ERROR - HTTPConnectionPool(host='192.168.134.135', port=9999): Max retries exceeded with url: /dbmanage/backup_manage/received/backup_info/ (Caused by NewConnectionError('<urllib3.connection.HTTPConnection object at 0x7faa44ece210>: Failed to establish a new connection: [Errno 111] Connection refused',))
2018-03-07 15:40:01,275 - PMB LOG - INFO - cp /var/log/mysql/binlog/mysql-bin.000234 /backup/192168134135_3306/binlog
2018-03-07 15:40:01,276 - PMB LOG - INFO - Compressing incremental backup...
2018-03-07 15:40:01,296 - PMB LOG - INFO - Compressing backup completed successfully!
2018-03-07 15:40:01,305 - PMB LOG - ERROR - HTTPConnectionPool(host='192.168.134.135', port=9999): Max retries exceeded with url: /dbmanage/backup_manage/received/backup_info/ (Caused by NewConnectionError('<urllib3.connection.HTTPConnection object at 0x7faa44ece410>: Failed to establish a new connection: [Errno 111] Connection refused',))
2018-03-07 15:40:01,311 - PMB LOG - INFO - cp /var/log/mysql/binlog/mysql-bin.000235 /backup/192168134135_3306/binlog
2018-03-07 15:40:01,312 - PMB LOG - INFO - Compressing incremental backup...
2018-03-07 15:40:01,317 - PMB LOG - INFO - Compressing backup completed successfully!
2018-03-07 15:40:01,331 - PMB LOG - ERROR - HTTPConnectionPool(host='192.168.134.135', port=9999): Max retries exceeded with url: /dbmanage/backup_manage/received/backup_info/ (Caused by NewConnectionError('<urllib3.connection.HTTPConnection object at 0x7faa44ece150>: Failed to establish a new connection: [Errno 111] Connection refused',))
2018-03-07 15:40:01,352 - PMB LOG - INFO - cp /var/log/mysql/binlog/mysql-bin.000236 /backup/192168134135_3306/binlog
2018-03-07 15:40:01,352 - PMB LOG - INFO - Compressing incremental backup...
2018-03-07 15:40:01,356 - PMB LOG - INFO - Compressing backup completed successfully!
2018-03-07 15:40:01,365 - PMB LOG - ERROR - HTTPConnectionPool(host='192.168.134.135', port=9999): Max retries exceeded with url: /dbmanage/backup_manage/received/backup_info/ (Caused by NewConnectionError('<urllib3.connection.HTTPConnection object at 0x7faa44ece550>: Failed to establish a new connection: [Errno 111] Connection refused',))
2018-03-07 15:40:01,394 - PMB LOG - INFO - cp /var/log/mysql/binlog/mysql-bin.000237 /backup/192168134135_3306/binlog
2018-03-07 15:40:01,395 - PMB LOG - INFO - Compressing incremental backup...
2018-03-07 15:40:01,412 - PMB LOG - INFO - Compressing backup completed successfully!
2018-03-07 15:40:01,430 - PMB LOG - ERROR - HTTPConnectionPool(host='192.168.134.135', port=9999): Max retries exceeded with url: /dbmanage/backup_manage/received/backup_info/ (Caused by NewConnectionError('<urllib3.connection.HTTPConnection object at 0x7faa44ece490>: Failed to establish a new connection: [Errno 111] Connection refused',))
2018-03-07 15:40:01,454 - PMB LOG - INFO - cp /var/log/mysql/binlog/mysql-bin.000238 /backup/192168134135_3306/binlog
2018-03-07 15:40:01,454 - PMB LOG - INFO - Compressing incremental backup...
2018-03-07 15:40:01,476 - PMB LOG - INFO - Compressing backup completed successfully!
2018-03-07 15:40:01,529 - PMB LOG - ERROR - HTTPConnectionPool(host='192.168.134.135', port=9999): Max retries exceeded with url: /dbmanage/backup_manage/received/backup_info/ (Caused by NewConnectionError('<urllib3.connection.HTTPConnection object at 0x7faa44ece250>: Failed to establish a new connection: [Errno 111] Connection refused',))
2018-03-07 15:40:01,557 - PMB LOG - INFO - cp /var/log/mysql/binlog/mysql-bin.000239 /backup/192168134135_3306/binlog
2018-03-07 15:40:01,557 - PMB LOG - INFO - Compressing incremental backup...
2018-03-07 15:40:01,593 - PMB LOG - INFO - Compressing backup completed successfully!
2018-03-07 15:40:01,603 - PMB LOG - ERROR - HTTPConnectionPool(host='192.168.134.135', port=9999): Max retries exceeded with url: /dbmanage/backup_manage/received/backup_info/ (Caused by NewConnectionError('<urllib3.connection.HTTPConnection object at 0x7faa44ece450>: Failed to establish a new connection: [Errno 111] Connection refused',))
2018-03-07 15:40:01,637 - PMB LOG - ERROR - HTTPConnectionPool(host='192.168.134.135', port=9999): Max retries exceeded with url: /dbmanage/backup_manage/received/backup_info/ (Caused by NewConnectionError('<urllib3.connection.HTTPConnection object at 0x7faa44ece410>: Failed to establish a new connection: [Errno 111] Connection refused',))
2018-03-07 15:40:01,655 - PMB LOG - ERROR - HTTPConnectionPool(host='192.168.134.135', port=9999): Max retries exceeded with url: /dbmanage/backup_manage/received/backup_info/ (Caused by NewConnectionError('<urllib3.connection.HTTPConnection object at 0x7faa44ece550>: Failed to establish a new connection: [Errno 111] Connection refused',))
2018-03-07 15:40:01,666 - PMB LOG - ERROR - HTTPConnectionPool(host='192.168.134.135', port=9999): Max retries exceeded with url: /dbmanage/backup_manage/received/backup_info/ (Caused by NewConnectionError('<urllib3.connection.HTTPConnection object at 0x7faa44ece190>: Failed to establish a new connection: [Errno 111] Connection refused',))
2018-03-07 15:40:01,671 - PMB LOG - ERROR - HTTPConnectionPool(host='192.168.134.135', port=9999): Max retries exceeded with url: /dbmanage/backup_manage/received/backup_info/ (Caused by NewConnectionError('<urllib3.connection.HTTPConnection object at 0x7faa44ece250>: Failed to establish a new connection: [Errno 111] Connection refused',))
2018-03-07 15:40:01,677 - PMB LOG - ERROR - HTTPConnectionPool(host='192.168.134.135', port=9999): Max retries exceeded with url: /dbmanage/backup_manage/received/backup_info/ (Caused by NewConnectionError('<urllib3.connection.HTTPConnection object at 0x7faa44ece150>: Failed to establish a new connection: [Errno 111] Connection refused',))
2018-03-07 15:40:01,697 - PMB LOG - ERROR - HTTPConnectionPool(host='192.168.134.135', port=9999): Max retries exceeded with url: /dbmanage/backup_manage/received/backup_info/ (Caused by NewConnectionError('<urllib3.connection.HTTPConnection object at 0x7faa44ece210>: Failed to establish a new connection: [Errno 111] Connection refused',))
2018-03-07 15:40:01,714 - PMB LOG - ERROR - HTTPConnectionPool(host='192.168.134.135', port=9999): Max retries exceeded with url: /dbmanage/backup_manage/received/backup_info/ (Caused by NewConnectionError('<urllib3.connection.HTTPConnection object at 0x7faa44ece110>: Failed to establish a new connection: [Errno 111] Connection refused',))
2018-03-07 15:40:01,727 - PMB LOG - ERROR - HTTPConnectionPool(host='192.168.134.135', port=9999): Max retries exceeded with url: /dbmanage/backup_manage/received/backup_info/ (Caused by NewConnectionError('<urllib3.connection.HTTPConnection object at 0x7faa44ece450>: Failed to establish a new connection: [Errno 111] Connection refused',))
2018-03-07 15:40:01,734 - PMB LOG - ERROR - HTTPConnectionPool(host='192.168.134.135', port=9999): Max retries exceeded with url: /dbmanage/backup_manage/received/backup_info/ (Caused by NewConnectionError('<urllib3.connection.HTTPConnection object at 0x7faa44ece410>: Failed to establish a new connection: [Errno 111] Connection refused',))
2018-03-07 15:40:01,743 - PMB LOG - ERROR - HTTPConnectionPool(host='192.168.134.135', port=9999): Max retries exceeded with url: /dbmanage/backup_manage/received/backup_info/ (Caused by NewConnectionError('<urllib3.connection.HTTPConnection object at 0x7faa44ece550>: Failed to establish a new connection: [Errno 111] Connection refused',))
2018-03-07 15:40:01,751 - PMB LOG - ERROR - HTTPConnectionPool(host='192.168.134.135', port=9999): Max retries exceeded with url: /dbmanage/backup_manage/received/backup_info/ (Caused by NewConnectionError('<urllib3.connection.HTTPConnection object at 0x7faa44ece190>: Failed to establish a new connection: [Errno 111] Connection refused',))
2018-03-07 15:40:01,767 - PMB LOG - ERROR - HTTPConnectionPool(host='192.168.134.135', port=9999): Max retries exceeded with url: /dbmanage/backup_manage/received/backup_info/ (Caused by NewConnectionError('<urllib3.connection.HTTPConnection object at 0x7faa44ece250>: Failed to establish a new connection: [Errno 111] Connection refused',))
2018-03-07 15:40:01,779 - PMB LOG - ERROR - HTTPConnectionPool(host='192.168.134.135', port=9999): Max retries exceeded with url: /dbmanage/backup_manage/received/backup_info/ (Caused by NewConnectionError('<urllib3.connection.HTTPConnection object at 0x7faa44ece150>: Failed to establish a new connection: [Errno 111] Connection refused',))
2018-03-07 15:40:01,798 - PMB LOG - ERROR - HTTPConnectionPool(host='192.168.134.135', port=9999): Max retries exceeded with url: /dbmanage/backup_manage/received/backup_info/ (Caused by NewConnectionError('<urllib3.connection.HTTPConnection object at 0x7faa44ece210>: Failed to establish a new connection: [Errno 111] Connection refused',))
2018-03-07 15:40:01,807 - PMB LOG - ERROR - HTTPConnectionPool(host='192.168.134.135', port=9999): Max retries exceeded with url: /dbmanage/backup_manage/received/backup_info/ (Caused by NewConnectionError('<urllib3.connection.HTTPConnection object at 0x7faa44ece110>: Failed to establish a new connection: [Errno 111] Connection refused',))
2018-03-07 15:40:01,845 - PMB LOG - ERROR - HTTPConnectionPool(host='192.168.134.135', port=9999): Max retries exceeded with url: /dbmanage/backup_manage/received/backup_info/ (Caused by NewConnectionError('<urllib3.connection.HTTPConnection object at 0x7faa44ece450>: Failed to establish a new connection: [Errno 111] Connection refused',))
2018-03-07 15:40:01,854 - PMB LOG - ERROR - HTTPConnectionPool(host='192.168.134.135', port=9999): Max retries exceeded with url: /dbmanage/backup_manage/received/backup_info/ (Caused by NewConnectionError('<urllib3.connection.HTTPConnection object at 0x7faa44ece410>: Failed to establish a new connection: [Errno 111] Connection refused',))
2018-03-07 15:40:01,864 - PMB LOG - ERROR - HTTPConnectionPool(host='192.168.134.135', port=9999): Max retries exceeded with url: /dbmanage/backup_manage/received/backup_info/ (Caused by NewConnectionError('<urllib3.connection.HTTPConnection object at 0x7faa44ece550>: Failed to establish a new connection: [Errno 111] Connection refused',))
2018-03-07 15:40:01,876 - PMB LOG - ERROR - HTTPConnectionPool(host='192.168.134.135', port=9999): Max retries exceeded with url: /dbmanage/backup_manage/received/backup_info/ (Caused by NewConnectionError('<urllib3.connection.HTTPConnection object at 0x7faa44ece190>: Failed to establish a new connection: [Errno 111] Connection refused',))
2018-03-07 15:40:01,897 - PMB LOG - ERROR - HTTPConnectionPool(host='192.168.134.135', port=9999): Max retries exceeded with url: /dbmanage/backup_manage/received/backup_info/ (Caused by NewConnectionError('<urllib3.connection.HTTPConnection object at 0x7faa44ece250>: Failed to establish a new connection: [Errno 111] Connection refused',))
2018-03-07 15:40:01,911 - PMB LOG - ERROR - HTTPConnectionPool(host='192.168.134.135', port=9999): Max retries exceeded with url: /dbmanage/backup_manage/received/backup_info/ (Caused by NewConnectionError('<urllib3.connection.HTTPConnection object at 0x7faa44ece150>: Failed to establish a new connection: [Errno 111] Connection refused',))
2018-03-07 15:40:01,922 - PMB LOG - ERROR - HTTPConnectionPool(host='192.168.134.135', port=9999): Max retries exceeded with url: /dbmanage/backup_manage/received/backup_info/ (Caused by NewConnectionError('<urllib3.connection.HTTPConnection object at 0x7faa44ece210>: Failed to establish a new connection: [Errno 111] Connection refused',))
2018-03-07 15:40:01,964 - PMB LOG - ERROR - HTTPConnectionPool(host='192.168.134.135', port=9999): Max retries exceeded with url: /dbmanage/backup_manage/received/backup_info/ (Caused by NewConnectionError('<urllib3.connection.HTTPConnection object at 0x7faa44ece110>: Failed to establish a new connection: [Errno 111] Connection refused',))
2018-03-07 15:40:01,994 - PMB LOG - ERROR - HTTPConnectionPool(host='192.168.134.135', port=9999): Max retries exceeded with url: /dbmanage/backup_manage/received/backup_info/ (Caused by NewConnectionError('<urllib3.connection.HTTPConnection object at 0x7faa44ece450>: Failed to establish a new connection: [Errno 111] Connection refused',))
2018-03-07 15:40:02,014 - PMB LOG - ERROR - HTTPConnectionPool(host='192.168.134.135', port=9999): Max retries exceeded with url: /dbmanage/backup_manage/received/backup_info/ (Caused by NewConnectionError('<urllib3.connection.HTTPConnection object at 0x7faa44ece410>: Failed to establish a new connection: [Errno 111] Connection refused',))
2018-03-07 15:40:02,029 - PMB LOG - ERROR - HTTPConnectionPool(host='192.168.134.135', port=9999): Max retries exceeded with url: /dbmanage/backup_manage/received/backup_info/ (Caused by NewConnectionError('<urllib3.connection.HTTPConnection object at 0x7faa44ece550>: Failed to establish a new connection: [Errno 111] Connection refused',))
2018-03-07 15:40:02,040 - PMB LOG - ERROR - HTTPConnectionPool(host='192.168.134.135', port=9999): Max retries exceeded with url: /dbmanage/backup_manage/received/backup_info/ (Caused by NewConnectionError('<urllib3.connection.HTTPConnection object at 0x7faa44ece190>: Failed to establish a new connection: [Errno 111] Connection refused',))
2018-03-07 15:40:02,057 - PMB LOG - ERROR - HTTPConnectionPool(host='192.168.134.135', port=9999): Max retries exceeded with url: /dbmanage/backup_manage/received/backup_info/ (Caused by NewConnectionError('<urllib3.connection.HTTPConnection object at 0x7faa44ece250>: Failed to establish a new connection: [Errno 111] Connection refused',))
2018-03-07 15:41:14,145 - PMB LOG - INFO - Entering manual mode...
2018-03-07 15:41:14,147 - PMB LOG - INFO - ### Starting Pamiris MySQL Backup Application ###
2018-03-07 15:41:14,148 - PMB LOG - INFO - Running with: backup --incremental --all-databases --manual
2018-03-07 15:41:14,149 - PMB LOG - INFO - Database backup wanted...
2018-03-07 15:41:14,149 - PMB LOG - INFO - Running incremental backup...
2018-03-07 15:41:14,252 - PMB LOG - INFO - Incremental backup in progress...
2018-03-07 15:41:14,253 - PMB LOG - INFO - Changing directories... (/backup/192168134135_3306/binlog/)
2018-03-07 15:41:14,271 - PMB LOG - INFO - Flushing binary logs...
2018-03-07 15:41:14,316 - PMB LOG - INFO - Changing directories... (/backup/192168134135_3306/binlog)
2018-03-07 15:41:14,317 - PMB LOG - INFO - Copying binary logs...
2018-03-07 15:41:14,321 - PMB LOG - INFO - cp /var/log/mysql/binlog/mysql-bin.000240 /backup/192168134135_3306/binlog
2018-03-07 15:41:14,322 - PMB LOG - INFO - Compressing incremental backup...
2018-03-07 15:41:14,327 - PMB LOG - INFO - Compressing backup completed successfully!
2018-03-07 15:41:14,445 - PMB LOG - INFO - Post the backup Data successfully!
2018-03-07 15:41:14,523 - PMB LOG - INFO - Post the backup Data successfully!
2018-03-07 15:41:14,593 - PMB LOG - INFO - Post the backup Data successfully!
2018-03-07 15:41:14,654 - PMB LOG - INFO - Post the backup Data successfully!
2018-03-07 15:41:14,752 - PMB LOG - INFO - Post the backup Data successfully!
2018-03-07 15:41:14,830 - PMB LOG - INFO - Post the backup Data successfully!
2018-03-07 15:41:14,942 - PMB LOG - INFO - Post the backup Data successfully!
2018-03-07 15:41:15,007 - PMB LOG - INFO - Post the backup Data successfully!
2018-03-07 15:41:15,078 - PMB LOG - INFO - Post the backup Data successfully!
2018-03-07 15:41:15,191 - PMB LOG - INFO - Post the backup Data successfully!
2018-03-07 15:41:15,270 - PMB LOG - INFO - Post the backup Data successfully!
2018-03-07 15:41:15,331 - PMB LOG - INFO - Post the backup Data successfully!
2018-03-07 15:41:15,405 - PMB LOG - INFO - Post the backup Data successfully!
2018-03-07 15:41:15,498 - PMB LOG - INFO - Post the backup Data successfully!
2018-03-07 15:41:15,577 - PMB LOG - INFO - Post the backup Data successfully!
2018-03-07 15:41:15,696 - PMB LOG - INFO - Post the backup Data successfully!
2018-03-07 15:41:15,762 - PMB LOG - INFO - Post the backup Data successfully!
2018-03-07 15:41:15,836 - PMB LOG - INFO - Post the backup Data successfully!
2018-03-07 15:41:15,931 - PMB LOG - INFO - Post the backup Data successfully!
2018-03-07 15:41:16,011 - PMB LOG - INFO - Post the backup Data successfully!
2018-03-07 15:41:16,082 - PMB LOG - INFO - Post the backup Data successfully!
2018-03-07 15:41:16,180 - PMB LOG - INFO - Post the backup Data successfully!
2018-03-07 15:41:16,281 - PMB LOG - INFO - Post the backup Data successfully!
2018-03-07 15:41:16,352 - PMB LOG - INFO - Post the backup Data successfully!
2018-03-07 15:41:16,464 - PMB LOG - INFO - Post the backup Data successfully!
2018-03-07 15:41:16,546 - PMB LOG - INFO - Post the backup Data successfully!
2018-03-07 15:41:16,613 - PMB LOG - INFO - Post the backup Data successfully!
2018-03-07 15:41:16,700 - PMB LOG - INFO - Post the backup Data successfully!
2018-03-07 15:41:16,808 - PMB LOG - INFO - Post the backup Data successfully!
2018-03-07 15:44:15,827 - PMB LOG - ERROR - option --all-databeeases not recognized
2018-03-08 15:29:48,799 - PMB LOG - INFO - Entering manual mode...
2018-03-08 15:29:48,827 - PMB LOG - INFO - ### Starting Pamiris MySQL Backup Application ###
2018-03-08 15:29:48,827 - PMB LOG - INFO - Running with: backup --incremental --all-databases --manual
2018-03-08 15:29:48,828 - PMB LOG - INFO - Database backup wanted...
2018-03-08 15:29:48,828 - PMB LOG - INFO - Running incremental backup...
2018-03-08 15:29:48,934 - PMB LOG - INFO - Incremental backup in progress...
2018-03-08 15:29:48,934 - PMB LOG - INFO - Changing directories... (/backup/192168134135_3306/binlog/)
2018-03-08 15:29:49,009 - PMB LOG - INFO - Flushing binary logs...
2018-03-08 15:29:49,350 - PMB LOG - INFO - Changing directories... (/backup/192168134135_3306/binlog)
2018-03-08 15:29:49,350 - PMB LOG - INFO - Copying binary logs...
2018-03-08 15:29:50,808 - PMB LOG - INFO - cp /var/log/mysql/binlog1/mysql-bin.000008 /backup/192168134135_3306/binlog
2018-03-08 15:29:50,808 - PMB LOG - INFO - Compressing incremental backup...
2018-03-08 15:29:51,368 - PMB LOG - INFO - Compressing backup completed successfully!
2018-03-08 15:29:51,581 - PMB LOG - INFO - Post the backup Data successfully!
2018-03-08 15:29:52,271 - PMB LOG - INFO - cp /var/log/mysql/binlog1/mysql-bin.000009 /backup/192168134135_3306/binlog
2018-03-08 15:29:52,271 - PMB LOG - INFO - Compressing incremental backup...
2018-03-08 15:29:52,577 - PMB LOG - INFO - Compressing backup completed successfully!
2018-03-08 15:29:52,731 - PMB LOG - INFO - Post the backup Data successfully!
2018-03-08 15:29:54,341 - PMB LOG - INFO - cp /var/log/mysql/binlog1/mysql-bin.000010 /backup/192168134135_3306/binlog
2018-03-08 15:29:54,348 - PMB LOG - INFO - Compressing incremental backup...
2018-03-08 15:29:54,944 - PMB LOG - INFO - Compressing backup completed successfully!
2018-03-08 15:29:55,329 - PMB LOG - INFO - Post the backup Data successfully!
2018-03-08 15:29:55,436 - PMB LOG - INFO - cp /var/log/mysql/binlog1/mysql-bin.000011 /backup/192168134135_3306/binlog
2018-03-08 15:29:55,440 - PMB LOG - INFO - Compressing incremental backup...
2018-03-08 15:29:55,478 - PMB LOG - INFO - Compressing backup completed successfully!
2018-03-08 15:29:55,728 - PMB LOG - INFO - Post the backup Data successfully!
2018-03-08 15:29:55,987 - PMB LOG - INFO - cp /var/log/mysql/binlog1/mysql-bin.000012 /backup/192168134135_3306/binlog
2018-03-08 15:29:55,990 - PMB LOG - INFO - Compressing incremental backup...
2018-03-08 15:29:56,073 - PMB LOG - INFO - Compressing backup completed successfully!
2018-03-08 15:29:56,273 - PMB LOG - INFO - Post the backup Data successfully!
2018-03-08 15:29:56,311 - PMB LOG - INFO - cp /var/log/mysql/binlog1/mysql-bin.000013 /backup/192168134135_3306/binlog
2018-03-08 15:29:56,311 - PMB LOG - INFO - Compressing incremental backup...
2018-03-08 15:29:56,335 - PMB LOG - INFO - Compressing backup completed successfully!
2018-03-08 15:29:56,481 - PMB LOG - INFO - Post the backup Data successfully!
2018-03-08 15:29:56,509 - PMB LOG - INFO - cp /var/log/mysql/binlog1/mysql-bin.000014 /backup/192168134135_3306/binlog
2018-03-08 15:29:56,510 - PMB LOG - INFO - Compressing incremental backup...
2018-03-08 15:29:56,520 - PMB LOG - INFO - Compressing backup completed successfully!
2018-03-08 15:29:56,718 - PMB LOG - INFO - Post the backup Data successfully!
2018-03-08 15:29:56,869 - PMB LOG - INFO - cp /var/log/mysql/binlog1/mysql-bin.000015 /backup/192168134135_3306/binlog
2018-03-08 15:29:56,869 - PMB LOG - INFO - Compressing incremental backup...
2018-03-08 15:29:57,043 - PMB LOG - INFO - Compressing backup completed successfully!
2018-03-08 15:29:57,233 - PMB LOG - INFO - Post the backup Data successfully!
2018-03-08 15:31:53,396 - PMB LOG - INFO - cp /var/log/mysql/binlog1/mysql-bin.000023 /backup/192168134135_3306/binlog
2018-03-08 15:31:53,397 - PMB LOG - INFO - Compressing incremental backup...
2018-03-08 15:32:32,056 - PMB LOG - INFO - Compressing backup completed successfully!
2018-03-08 15:32:32,778 - PMB LOG - INFO - Post the backup Data successfully!
2018-03-08 15:33:36,376 - PMB LOG - INFO - cp /var/log/mysql/binlog1/mysql-bin.000024 /backup/192168134135_3306/binlog
2018-03-08 15:33:36,376 - PMB LOG - INFO - Compressing incremental backup...
2018-03-08 15:33:57,326 - PMB LOG - INFO - Compressing backup completed successfully!
2018-03-08 15:33:57,804 - PMB LOG - INFO - Post the backup Data successfully!
2018-03-08 15:33:57,912 - PMB LOG - INFO - cp /var/log/mysql/binlog1/mysql-bin.000025 /backup/192168134135_3306/binlog
2018-03-08 15:33:57,913 - PMB LOG - INFO - Compressing incremental backup...
2018-03-08 15:33:57,921 - PMB LOG - INFO - Compressing backup completed successfully!
2018-03-08 15:33:57,998 - PMB LOG - INFO - Post the backup Data successfully!
